2022-08-17 15:16:59.429 [DefaultDispatcher-worker-1 @coroutine#2] INFO  ktor.application - Autoreload is disabled because the development mode is off.
2022-08-17 15:16:59.754 [DefaultDispatcher-worker-1 @coroutine#2] INFO  i.m.c.i.push.PushMeterRegistry - publishing metrics for LoggingMeterRegistry every 1m
2022-08-17 15:17:00.129 [DefaultDispatcher-worker-1 @coroutine#2] INFO  ktor.application - Application started in 4.01 seconds.
2022-08-17 15:17:00.131 [DefaultDispatcher-worker-1 @coroutine#2] INFO  ktor.application - Application started: io.ktor.server.application.Application@5d1f6792
2022-08-17 15:17:00.197 [DefaultDispatcher-worker-4 @coroutine#1] INFO  ktor.application - Responding at http://127.0.0.1:80
2022-08-17 15:17:06.093 [DefaultDispatcher-worker-11 @request-handler#37] INFO  ktor.application - [32m200 OK[m: [36mGET[m - /styles.css
2022-08-17 15:17:06.093 [DefaultDispatcher-worker-13 @request-handler#30] INFO  ktor.application - [32m200 OK[m: [36mGET[m - /
2022-08-17 15:17:10.871 [DefaultDispatcher-worker-11 @request-handler#39] INFO  ktor.application - [32m200 OK[m: [36mGET[m - /PIAF/performance
2022-08-17 15:17:14.053 [DefaultDispatcher-worker-12 @request-handler#77] INFO  ktor.application - [32m200 OK[m: [36mGET[m - /PIAF/performance
2022-08-17 15:17:31.255 [DefaultDispatcher-worker-12 @request-handler#80] WARN  ktor.application - Shutdown URL was called: server is going down
2022-08-17 15:17:31.272 [DefaultDispatcher-worker-13 @coroutine#81] INFO  ktor.application - Application stopping: io.ktor.server.application.Application@5d1f6792
2022-08-17 15:17:31.273 [DefaultDispatcher-worker-12 @request-handler#80] INFO  ktor.application - [31m410 Gone[m: [36mGET[m - /shutdown
2022-08-17 15:17:31.275 [DefaultDispatcher-worker-13 @coroutine#81] INFO  ktor.application - Application stopped: io.ktor.server.application.Application@5d1f6792
2022-08-17 15:21:18.206 [DefaultDispatcher-worker-1 @coroutine#2] INFO  ktor.application - Autoreload is disabled because the development mode is off.
2022-08-17 15:21:18.526 [DefaultDispatcher-worker-1 @coroutine#2] INFO  i.m.c.i.push.PushMeterRegistry - publishing metrics for LoggingMeterRegistry every 1m
2022-08-17 15:21:18.775 [DefaultDispatcher-worker-1 @coroutine#2] INFO  ktor.application - Application started in 4.108 seconds.
2022-08-17 15:21:18.776 [DefaultDispatcher-worker-1 @coroutine#2] INFO  ktor.application - Application started: io.ktor.server.application.Application@75a4c3e7
2022-08-17 15:21:18.825 [DefaultDispatcher-worker-4 @coroutine#1] INFO  ktor.application - Responding at http://127.0.0.1:80
2022-08-17 15:21:29.451 [DefaultDispatcher-worker-2 @request-handler#30] WARN  ktor.application - Shutdown URL was called: server is going down
2022-08-17 15:21:29.569 [DefaultDispatcher-worker-7 @coroutine#31] INFO  ktor.application - Application stopping: io.ktor.server.application.Application@75a4c3e7
2022-08-17 15:21:29.570 [DefaultDispatcher-worker-7 @coroutine#31] INFO  ktor.application - Application stopped: io.ktor.server.application.Application@75a4c3e7
2022-08-17 15:25:21.583 [DefaultDispatcher-worker-1 @coroutine#2] INFO  ktor.application - Autoreload is disabled because the development mode is off.
2022-08-17 15:25:21.836 [DefaultDispatcher-worker-1 @coroutine#2] INFO  i.m.c.i.push.PushMeterRegistry - publishing metrics for LoggingMeterRegistry every 1m
2022-08-17 15:25:22.084 [DefaultDispatcher-worker-1 @coroutine#2] INFO  ktor.application - Application started in 3.51 seconds.
2022-08-17 15:25:22.086 [DefaultDispatcher-worker-1 @coroutine#2] INFO  ktor.application - Application started: io.ktor.server.application.Application@5d1f6792
2022-08-17 15:25:22.139 [DefaultDispatcher-worker-4 @coroutine#1] INFO  ktor.application - Responding at http://127.0.0.1:80
2022-08-17 15:25:22.848 [DefaultDispatcher-worker-5 @request-handler#26] INFO  ktor.application - [32m200 OK[m: [36mGET[m - /
2022-08-17 15:25:22.848 [DefaultDispatcher-worker-7 @request-handler#37] INFO  ktor.application - [33m304 Not Modified[m: [36mGET[m - /styles.css
2022-08-17 15:25:25.806 [DefaultDispatcher-worker-11 @request-handler#38] INFO  ktor.application - [32m200 OK[m: [36mGET[m - /PIAF/performance
2022-08-17 15:26:03.339 [DefaultDispatcher-worker-6 @request-handler#76] INFO  ktor.application - [32m200 OK[m: [36mGET[m - /PIAF/performance/DPH/af.dph.ld-s-devpihdb
2022-08-17 15:39:21.270 [DefaultDispatcher-worker-1 @coroutine#2] INFO  io.ktor.client.HttpClient - REQUEST: http://ld-s-tstpih.ao.nlmk:50000
METHOD: HttpMethod(value=GET)
2022-08-17 15:39:21.781 [DefaultDispatcher-worker-1 @coroutine#2] INFO  io.ktor.client.HttpClient - RESPONSE: 302 Found
METHOD: HttpMethod(value=GET)
FROM: http://ld-s-tstpih.ao.nlmk:50000
2022-08-17 15:39:21.801 [DefaultDispatcher-worker-1 @coroutine#2] INFO  io.ktor.client.HttpClient - REQUEST: http://ld-s-tstpih.ao.nlmk:50000/index.jsp
METHOD: HttpMethod(value=GET)
2022-08-17 15:39:21.843 [DefaultDispatcher-worker-1 @coroutine#2] INFO  io.ktor.client.HttpClient - RESPONSE: 302 Found
METHOD: HttpMethod(value=GET)
FROM: http://ld-s-tstpih.ao.nlmk:50000/index.jsp
2022-08-17 15:39:21.848 [DefaultDispatcher-worker-1 @coroutine#2] INFO  io.ktor.client.HttpClient - REQUEST: http://ld-s-tstpih.ao.nlmk:50000/startPage
METHOD: HttpMethod(value=GET)
2022-08-17 15:39:21.969 [DefaultDispatcher-worker-1 @coroutine#2] INFO  io.ktor.client.HttpClient - RESPONSE: 200 OK
METHOD: HttpMethod(value=GET)
FROM: http://ld-s-tstpih.ao.nlmk:50000/startPage
2022-08-17 15:39:22.031 [DefaultDispatcher-worker-1 @coroutine#2] INFO  io.ktor.client.HttpClient - REQUEST: http://ld-s-tstpih.ao.nlmk:50000/rwb
METHOD: HttpMethod(value=GET)
2022-08-17 15:39:22.073 [DefaultDispatcher-worker-1 @coroutine#2] INFO  io.ktor.client.HttpClient - RESPONSE: 302 Found
METHOD: HttpMethod(value=GET)
FROM: http://ld-s-tstpih.ao.nlmk:50000/rwb
2022-08-17 15:39:22.075 [DefaultDispatcher-worker-1 @coroutine#2] INFO  io.ktor.client.HttpClient - REQUEST: http://ld-s-tstpih.ao.nlmk:50000/rwb/
METHOD: HttpMethod(value=GET)
2022-08-17 15:39:22.118 [DefaultDispatcher-worker-1 @coroutine#2] INFO  io.ktor.client.HttpClient - RESPONSE: 302 Found
METHOD: HttpMethod(value=GET)
FROM: http://ld-s-tstpih.ao.nlmk:50000/rwb/
2022-08-17 15:39:22.120 [DefaultDispatcher-worker-1 @coroutine#2] INFO  io.ktor.client.HttpClient - REQUEST: http://ld-s-tstpih.ao.nlmk:50000/rwb/index.jsp
METHOD: HttpMethod(value=GET)
2022-08-17 15:39:22.285 [DefaultDispatcher-worker-1 @coroutine#2] INFO  io.ktor.client.HttpClient - RESPONSE: 200 OK
METHOD: HttpMethod(value=GET)
FROM: http://ld-s-tstpih.ao.nlmk:50000/rwb/index.jsp
2022-08-17 15:39:23.138 [DefaultDispatcher-worker-2 @coroutine#21] INFO  io.ktor.client.HttpClient - REQUEST: http://ld-s-tstpih.ao.nlmk:50000/mdt/performancedataqueryservlet
METHOD: HttpMethod(value=GET)
2022-08-17 15:39:23.457 [DefaultDispatcher-worker-1 @coroutine#21] INFO  io.ktor.client.HttpClient - RESPONSE: 200 OK
METHOD: HttpMethod(value=GET)
FROM: http://ld-s-tstpih.ao.nlmk:50000/mdt/performancedataqueryservlet
2022-08-17 15:39:23.753 [DefaultDispatcher-worker-1 @coroutine#26] INFO  io.ktor.client.HttpClient - REQUEST: http://ld-s-tstpih.ao.nlmk:50000/mdt/performancedataqueryservlet?component=af.qph.ld-s-tstpihdb
METHOD: HttpMethod(value=GET)
2022-08-17 15:39:24.205 [DefaultDispatcher-worker-1 @coroutine#26] INFO  io.ktor.client.HttpClient - RESPONSE: 200 OK
METHOD: HttpMethod(value=GET)
FROM: http://ld-s-tstpih.ao.nlmk:50000/mdt/performancedataqueryservlet?component=af.qph.ld-s-tstpihdb
2022-08-17 15:39:24.296 [DefaultDispatcher-worker-3 @coroutine#32] INFO  io.ktor.client.HttpClient - REQUEST: http://ld-s-tstpih.ao.nlmk:50000/mdt/performancedataqueryservlet?component=af.qph.ld-s-tstpihdb&begin=2022-08-17T15%3A15%3A00.000%2B03%3A00&end=2022-08-17T15%3A30%3A00.000%2B03%3A00
METHOD: HttpMethod(value=GET)
2022-08-17 15:39:24.296 [DefaultDispatcher-worker-2 @coroutine#31] INFO  io.ktor.client.HttpClient - REQUEST: http://ld-s-tstpih.ao.nlmk:50000/mdt/performancedataqueryservlet?component=af.qph.ld-s-tstpihdb&begin=2022-08-17T15%3A30%3A00.000%2B03%3A00&end=2022-08-17T15%3A45%3A00.000%2B03%3A00
METHOD: HttpMethod(value=GET)
2022-08-17 15:39:24.298 [DefaultDispatcher-worker-4 @coroutine#35] INFO  io.ktor.client.HttpClient - REQUEST: http://ld-s-tstpih.ao.nlmk:50000/mdt/performancedataqueryservlet?component=af.qph.ld-s-tstpihdb&begin=2022-08-17T15%3A00%3A00.000%2B03%3A00&end=2022-08-17T15%3A15%3A00.000%2B03%3A00
METHOD: HttpMethod(value=GET)
2022-08-17 15:39:24.299 [DefaultDispatcher-worker-6 @coroutine#36] INFO  io.ktor.client.HttpClient - REQUEST: http://ld-s-tstpih.ao.nlmk:50000/mdt/performancedataqueryservlet?component=af.qph.ld-s-tstpihdb&begin=2022-08-17T14%3A45%3A00.000%2B03%3A00&end=2022-08-17T15%3A00%3A00.000%2B03%3A00
METHOD: HttpMethod(value=GET)
2022-08-17 15:39:24.302 [DefaultDispatcher-worker-3 @coroutine#40] INFO  io.ktor.client.HttpClient - REQUEST: http://ld-s-tstpih.ao.nlmk:50000/mdt/performancedataqueryservlet?component=af.qph.ld-s-tstpihdb&begin=2022-08-17T14%3A30%3A00.000%2B03%3A00&end=2022-08-17T14%3A45%3A00.000%2B03%3A00
METHOD: HttpMethod(value=GET)
2022-08-17 15:39:24.304 [DefaultDispatcher-worker-4 @coroutine#42] INFO  io.ktor.client.HttpClient - REQUEST: http://ld-s-tstpih.ao.nlmk:50000/mdt/performancedataqueryservlet?component=af.qph.ld-s-tstpihdb&begin=2022-08-17T15%3A00%3A00.000%2B03%3A00&end=2022-08-17T16%3A00%3A00.000%2B03%3A00
METHOD: HttpMethod(value=GET)
2022-08-17 15:39:24.305 [DefaultDispatcher-worker-8 @coroutine#46] INFO  io.ktor.client.HttpClient - REQUEST: http://ld-s-tstpih.ao.nlmk:50000/mdt/performancedataqueryservlet?component=af.qph.ld-s-tstpihdb&begin=2022-08-17T14%3A00%3A00.000%2B03%3A00&end=2022-08-17T15%3A00%3A00.000%2B03%3A00
METHOD: HttpMethod(value=GET)
2022-08-17 15:39:24.308 [DefaultDispatcher-worker-4 @coroutine#50] INFO  io.ktor.client.HttpClient - REQUEST: http://ld-s-tstpih.ao.nlmk:50000/mdt/performancedataqueryservlet?component=af.qph.ld-s-tstpihdb&begin=2022-08-17T13%3A00%3A00.000%2B03%3A00&end=2022-08-17T14%3A00%3A00.000%2B03%3A00
METHOD: HttpMethod(value=GET)
2022-08-17 15:39:24.311 [DefaultDispatcher-worker-5 @coroutine#54] INFO  io.ktor.client.HttpClient - REQUEST: http://ld-s-tstpih.ao.nlmk:50000/mdt/performancedataqueryservlet?component=af.qph.ld-s-tstpihdb&begin=2022-08-17T12%3A00%3A00.000%2B03%3A00&end=2022-08-17T13%3A00%3A00.000%2B03%3A00
METHOD: HttpMethod(value=GET)
2022-08-17 15:39:24.312 [DefaultDispatcher-worker-4 @coroutine#55] INFO  io.ktor.client.HttpClient - REQUEST: http://ld-s-tstpih.ao.nlmk:50000/mdt/performancedataqueryservlet?component=af.qph.ld-s-tstpihdb&begin=2022-08-17T11%3A00%3A00.000%2B03%3A00&end=2022-08-17T12%3A00%3A00.000%2B03%3A00
METHOD: HttpMethod(value=GET)
2022-08-17 15:39:24.315 [DefaultDispatcher-worker-2 @coroutine#59] INFO  io.ktor.client.HttpClient - REQUEST: http://ld-s-tstpih.ao.nlmk:50000/mdt/performancedataqueryservlet?component=af.qph.ld-s-tstpihdb&begin=2022-08-17T10%3A00%3A00.000%2B03%3A00&end=2022-08-17T11%3A00%3A00.000%2B03%3A00
METHOD: HttpMethod(value=GET)
2022-08-17 15:39:24.317 [DefaultDispatcher-worker-4 @coroutine#63] INFO  io.ktor.client.HttpClient - REQUEST: http://ld-s-tstpih.ao.nlmk:50000/mdt/performancedataqueryservlet?component=af.qph.ld-s-tstpihdb&begin=2022-08-17T09%3A00%3A00.000%2B03%3A00&end=2022-08-17T10%3A00%3A00.000%2B03%3A00
METHOD: HttpMethod(value=GET)
2022-08-17 15:39:24.319 [DefaultDispatcher-worker-2 @coroutine#66] INFO  io.ktor.client.HttpClient - REQUEST: http://ld-s-tstpih.ao.nlmk:50000/mdt/performancedataqueryservlet?component=af.qph.ld-s-tstpihdb&begin=2022-08-17T08%3A00%3A00.000%2B03%3A00&end=2022-08-17T09%3A00%3A00.000%2B03%3A00
METHOD: HttpMethod(value=GET)
2022-08-17 15:39:24.320 [DefaultDispatcher-worker-4 @coroutine#69] INFO  io.ktor.client.HttpClient - REQUEST: http://ld-s-tstpih.ao.nlmk:50000/mdt/performancedataqueryservlet?component=af.qph.ld-s-tstpihdb&begin=2022-08-17T07%3A00%3A00.000%2B03%3A00&end=2022-08-17T08%3A00%3A00.000%2B03%3A00
METHOD: HttpMethod(value=GET)
2022-08-17 15:39:24.323 [DefaultDispatcher-worker-2 @coroutine#72] INFO  io.ktor.client.HttpClient - REQUEST: http://ld-s-tstpih.ao.nlmk:50000/mdt/performancedataqueryservlet?component=af.qph.ld-s-tstpihdb&begin=2022-08-17T06%3A00%3A00.000%2B03%3A00&end=2022-08-17T07%3A00%3A00.000%2B03%3A00
METHOD: HttpMethod(value=GET)
2022-08-17 15:39:24.325 [DefaultDispatcher-worker-4 @coroutine#75] INFO  io.ktor.client.HttpClient - REQUEST: http://ld-s-tstpih.ao.nlmk:50000/mdt/performancedataqueryservlet?component=af.qph.ld-s-tstpihdb&begin=2022-08-17T05%3A00%3A00.000%2B03%3A00&end=2022-08-17T06%3A00%3A00.000%2B03%3A00
METHOD: HttpMethod(value=GET)
2022-08-17 15:39:24.329 [DefaultDispatcher-worker-8 @coroutine#80] INFO  io.ktor.client.HttpClient - REQUEST: http://ld-s-tstpih.ao.nlmk:50000/mdt/performancedataqueryservlet?component=af.qph.ld-s-tstpihdb&begin=2022-08-17T03%3A00%3A00.000%2B03%3A00&end=2022-08-17T04%3A00%3A00.000%2B03%3A00
METHOD: HttpMethod(value=GET)
2022-08-17 15:39:24.333 [DefaultDispatcher-worker-8 @coroutine#83] INFO  io.ktor.client.HttpClient - REQUEST: http://ld-s-tstpih.ao.nlmk:50000/mdt/performancedataqueryservlet?component=af.qph.ld-s-tstpihdb&begin=2022-08-17T02%3A00%3A00.000%2B03%3A00&end=2022-08-17T03%3A00%3A00.000%2B03%3A00
METHOD: HttpMethod(value=GET)
2022-08-17 15:39:24.350 [DefaultDispatcher-worker-4 @coroutine#78] INFO  io.ktor.client.HttpClient - REQUEST: http://ld-s-tstpih.ao.nlmk:50000/mdt/performancedataqueryservlet?component=af.qph.ld-s-tstpihdb&begin=2022-08-17T04%3A00%3A00.000%2B03%3A00&end=2022-08-17T05%3A00%3A00.000%2B03%3A00
METHOD: HttpMethod(value=GET)
2022-08-17 15:39:24.351 [DefaultDispatcher-worker-6 @coroutine#84] INFO  io.ktor.client.HttpClient - REQUEST: http://ld-s-tstpih.ao.nlmk:50000/mdt/performancedataqueryservlet?component=af.qph.ld-s-tstpihdb&begin=2022-08-17T01%3A00%3A00.000%2B03%3A00&end=2022-08-17T02%3A00%3A00.000%2B03%3A00
METHOD: HttpMethod(value=GET)
2022-08-17 15:39:24.354 [DefaultDispatcher-worker-4 @coroutine#87] INFO  io.ktor.client.HttpClient - REQUEST: http://ld-s-tstpih.ao.nlmk:50000/mdt/performancedataqueryservlet?component=af.qph.ld-s-tstpihdb&begin=2022-08-17T00%3A00%3A00.000%2B03%3A00&end=2022-08-17T01%3A00%3A00.000%2B03%3A00
METHOD: HttpMethod(value=GET)
2022-08-17 15:39:24.355 [DefaultDispatcher-worker-7 @coroutine#88] INFO  io.ktor.client.HttpClient - REQUEST: http://ld-s-tstpih.ao.nlmk:50000/mdt/performancedataqueryservlet?component=af.qph.ld-s-tstpihdb&begin=2022-08-16T23%3A00%3A00.000%2B03%3A00&end=2022-08-17T00%3A00%3A00.000%2B03%3A00
METHOD: HttpMethod(value=GET)
2022-08-17 15:39:24.358 [DefaultDispatcher-worker-4 @coroutine#91] INFO  io.ktor.client.HttpClient - REQUEST: http://ld-s-tstpih.ao.nlmk:50000/mdt/performancedataqueryservlet?component=af.qph.ld-s-tstpihdb&begin=2022-08-16T22%3A00%3A00.000%2B03%3A00&end=2022-08-16T23%3A00%3A00.000%2B03%3A00
METHOD: HttpMethod(value=GET)
2022-08-17 15:39:24.359 [DefaultDispatcher-worker-7 @coroutine#92] INFO  io.ktor.client.HttpClient - REQUEST: http://ld-s-tstpih.ao.nlmk:50000/mdt/performancedataqueryservlet?component=af.qph.ld-s-tstpihdb&begin=2022-08-16T21%3A00%3A00.000%2B03%3A00&end=2022-08-16T22%3A00%3A00.000%2B03%3A00
METHOD: HttpMethod(value=GET)
2022-08-17 15:39:24.362 [DefaultDispatcher-worker-7 @coroutine#99] INFO  io.ktor.client.HttpClient - REQUEST: http://ld-s-tstpih.ao.nlmk:50000/mdt/performancedataqueryservlet?component=af.qph.ld-s-tstpihdb&begin=2022-08-16T19%3A00%3A00.000%2B03%3A00&end=2022-08-16T20%3A00%3A00.000%2B03%3A00
METHOD: HttpMethod(value=GET)
2022-08-17 15:39:24.364 [DefaultDispatcher-worker-7 @coroutine#101] INFO  io.ktor.client.HttpClient - REQUEST: http://ld-s-tstpih.ao.nlmk:50000/mdt/performancedataqueryservlet?component=af.qph.ld-s-tstpihdb&begin=2022-08-16T18%3A00%3A00.000%2B03%3A00&end=2022-08-16T19%3A00%3A00.000%2B03%3A00
METHOD: HttpMethod(value=GET)
2022-08-17 15:39:24.359 [DefaultDispatcher-worker-5 @coroutine#97] INFO  io.ktor.client.HttpClient - REQUEST: http://ld-s-tstpih.ao.nlmk:50000/mdt/performancedataqueryservlet?component=af.qph.ld-s-tstpihdb&begin=2022-08-16T20%3A00%3A00.000%2B03%3A00&end=2022-08-16T21%3A00%3A00.000%2B03%3A00
METHOD: HttpMethod(value=GET)
2022-08-17 15:39:24.365 [DefaultDispatcher-worker-4 @coroutine#104] INFO  io.ktor.client.HttpClient - REQUEST: http://ld-s-tstpih.ao.nlmk:50000/mdt/performancedataqueryservlet?component=af.qph.ld-s-tstpihdb&begin=2022-08-16T17%3A00%3A00.000%2B03%3A00&end=2022-08-16T18%3A00%3A00.000%2B03%3A00
METHOD: HttpMethod(value=GET)
2022-08-17 15:39:24.369 [DefaultDispatcher-worker-4 @coroutine#109] INFO  io.ktor.client.HttpClient - REQUEST: http://ld-s-tstpih.ao.nlmk:50000/mdt/performancedataqueryservlet?component=af.qph.ld-s-tstpihdb&begin=2022-08-16T16%3A00%3A00.000%2B03%3A00&end=2022-08-16T17%3A00%3A00.000%2B03%3A00
METHOD: HttpMethod(value=GET)
2022-08-17 15:39:24.371 [DefaultDispatcher-worker-4 @coroutine#113] INFO  io.ktor.client.HttpClient - REQUEST: http://ld-s-tstpih.ao.nlmk:50000/mdt/performancedataqueryservlet?component=af.qph.ld-s-tstpihdb&begin=2022-08-17T03%3A00%3A00.000%2B03%3A00&end=2022-08-18T03%3A00%3A00.000%2B03%3A00
METHOD: HttpMethod(value=GET)
2022-08-17 15:39:24.372 [DefaultDispatcher-worker-7 @coroutine#116] INFO  io.ktor.client.HttpClient - REQUEST: http://ld-s-tstpih.ao.nlmk:50000/mdt/performancedataqueryservlet?component=af.qph.ld-s-tstpihdb&begin=2022-08-16T03%3A00%3A00.000%2B03%3A00&end=2022-08-17T03%3A00%3A00.000%2B03%3A00
METHOD: HttpMethod(value=GET)
2022-08-17 15:39:24.376 [DefaultDispatcher-worker-5 @coroutine#118] INFO  io.ktor.client.HttpClient - REQUEST: http://ld-s-tstpih.ao.nlmk:50000/mdt/performancedataqueryservlet?component=af.qph.ld-s-tstpihdb&begin=2022-08-15T03%3A00%3A00.000%2B03%3A00&end=2022-08-16T03%3A00%3A00.000%2B03%3A00
METHOD: HttpMethod(value=GET)
2022-08-17 15:39:24.376 [DefaultDispatcher-worker-3 @coroutine#111] INFO  io.ktor.client.HttpClient - REQUEST: http://ld-s-tstpih.ao.nlmk:50000/mdt/performancedataqueryservlet?component=af.qph.ld-s-tstpihdb&begin=2022-08-16T15%3A00%3A00.000%2B03%3A00&end=2022-08-16T16%3A00%3A00.000%2B03%3A00
METHOD: HttpMethod(value=GET)
2022-08-17 15:39:24.376 [DefaultDispatcher-worker-6 @coroutine#122] INFO  io.ktor.client.HttpClient - REQUEST: http://ld-s-tstpih.ao.nlmk:50000/mdt/performancedataqueryservlet?component=af.qph.ld-s-tstpihdb&begin=2022-08-14T03%3A00%3A00.000%2B03%3A00&end=2022-08-15T03%3A00%3A00.000%2B03%3A00
METHOD: HttpMethod(value=GET)
2022-08-17 15:39:24.380 [DefaultDispatcher-worker-2 @coroutine#126] INFO  io.ktor.client.HttpClient - REQUEST: http://ld-s-tstpih.ao.nlmk:50000/mdt/performancedataqueryservlet?component=af.qph.ld-s-tstpihdb&begin=2022-08-13T03%3A00%3A00.000%2B03%3A00&end=2022-08-14T03%3A00%3A00.000%2B03%3A00
METHOD: HttpMethod(value=GET)
2022-08-17 15:39:24.383 [DefaultDispatcher-worker-3 @coroutine#132] INFO  io.ktor.client.HttpClient - REQUEST: http://ld-s-tstpih.ao.nlmk:50000/mdt/performancedataqueryservlet?component=af.qph.ld-s-tstpihdb&begin=2022-08-12T03%3A00%3A00.000%2B03%3A00&end=2022-08-13T03%3A00%3A00.000%2B03%3A00
METHOD: HttpMethod(value=GET)
2022-08-17 15:39:24.385 [DefaultDispatcher-worker-3 @coroutine#134] INFO  io.ktor.client.HttpClient - REQUEST: http://ld-s-tstpih.ao.nlmk:50000/mdt/performancedataqueryservlet?component=af.qph.ld-s-tstpihdb&begin=2022-08-11T03%3A00%3A00.000%2B03%3A00&end=2022-08-12T03%3A00%3A00.000%2B03%3A00
METHOD: HttpMethod(value=GET)
2022-08-17 15:39:24.385 [DefaultDispatcher-worker-1 @coroutine#140] INFO  io.ktor.client.HttpClient - REQUEST: http://ld-s-tstpih.ao.nlmk:50000/mdt/performancedataqueryservlet?component=af.qph.ld-s-tstpihdb&begin=2022-08-10T03%3A00%3A00.000%2B03%3A00&end=2022-08-11T03%3A00%3A00.000%2B03%3A00
METHOD: HttpMethod(value=GET)
2022-08-17 15:39:45.056 [DefaultDispatcher-worker-2 @coroutine#42] INFO  io.ktor.client.HttpClient - RESPONSE: 200 OK
METHOD: HttpMethod(value=GET)
FROM: http://ld-s-tstpih.ao.nlmk:50000/mdt/performancedataqueryservlet?component=af.qph.ld-s-tstpihdb&begin=2022-08-17T15%3A00%3A00.000%2B03%3A00&end=2022-08-17T16%3A00%3A00.000%2B03%3A00
2022-08-17 15:39:45.253 [DefaultDispatcher-worker-5 @coroutine#54] INFO  io.ktor.client.HttpClient - RESPONSE: 200 OK
METHOD: HttpMethod(value=GET)
FROM: http://ld-s-tstpih.ao.nlmk:50000/mdt/performancedataqueryservlet?component=af.qph.ld-s-tstpihdb&begin=2022-08-17T12%3A00%3A00.000%2B03%3A00&end=2022-08-17T13%3A00%3A00.000%2B03%3A00
2022-08-17 15:39:45.340 [DefaultDispatcher-worker-4 @coroutine#63] INFO  io.ktor.client.HttpClient - RESPONSE: 200 OK
METHOD: HttpMethod(value=GET)
FROM: http://ld-s-tstpih.ao.nlmk:50000/mdt/performancedataqueryservlet?component=af.qph.ld-s-tstpihdb&begin=2022-08-17T09%3A00%3A00.000%2B03%3A00&end=2022-08-17T10%3A00%3A00.000%2B03%3A00
2022-08-17 15:39:45.404 [DefaultDispatcher-worker-4 @coroutine#83] INFO  io.ktor.client.HttpClient - RESPONSE: 200 OK
METHOD: HttpMethod(value=GET)
FROM: http://ld-s-tstpih.ao.nlmk:50000/mdt/performancedataqueryservlet?component=af.qph.ld-s-tstpihdb&begin=2022-08-17T02%3A00%3A00.000%2B03%3A00&end=2022-08-17T03%3A00%3A00.000%2B03%3A00
2022-08-17 15:39:45.459 [DefaultDispatcher-worker-4 @coroutine#32] INFO  io.ktor.client.HttpClient - RESPONSE: 200 OK
METHOD: HttpMethod(value=GET)
FROM: http://ld-s-tstpih.ao.nlmk:50000/mdt/performancedataqueryservlet?component=af.qph.ld-s-tstpihdb&begin=2022-08-17T15%3A15%3A00.000%2B03%3A00&end=2022-08-17T15%3A30%3A00.000%2B03%3A00
2022-08-17 15:39:45.559 [DefaultDispatcher-worker-4 @coroutine#59] INFO  io.ktor.client.HttpClient - RESPONSE: 200 OK
METHOD: HttpMethod(value=GET)
FROM: http://ld-s-tstpih.ao.nlmk:50000/mdt/performancedataqueryservlet?component=af.qph.ld-s-tstpihdb&begin=2022-08-17T10%3A00%3A00.000%2B03%3A00&end=2022-08-17T11%3A00%3A00.000%2B03%3A00
2022-08-17 15:39:45.729 [DefaultDispatcher-worker-5 @coroutine#50] INFO  io.ktor.client.HttpClient - RESPONSE: 200 OK
METHOD: HttpMethod(value=GET)
FROM: http://ld-s-tstpih.ao.nlmk:50000/mdt/performancedataqueryservlet?component=af.qph.ld-s-tstpihdb&begin=2022-08-17T13%3A00%3A00.000%2B03%3A00&end=2022-08-17T14%3A00%3A00.000%2B03%3A00
2022-08-17 15:39:45.883 [DefaultDispatcher-worker-5 @coroutine#31] INFO  io.ktor.client.HttpClient - RESPONSE: 200 OK
METHOD: HttpMethod(value=GET)
FROM: http://ld-s-tstpih.ao.nlmk:50000/mdt/performancedataqueryservlet?component=af.qph.ld-s-tstpihdb&begin=2022-08-17T15%3A30%3A00.000%2B03%3A00&end=2022-08-17T15%3A45%3A00.000%2B03%3A00
2022-08-17 15:39:46.316 [DefaultDispatcher-worker-5 @coroutine#36] INFO  io.ktor.client.HttpClient - RESPONSE: 200 OK
METHOD: HttpMethod(value=GET)
FROM: http://ld-s-tstpih.ao.nlmk:50000/mdt/performancedataqueryservlet?component=af.qph.ld-s-tstpihdb&begin=2022-08-17T14%3A45%3A00.000%2B03%3A00&end=2022-08-17T15%3A00%3A00.000%2B03%3A00
2022-08-17 15:39:46.337 [DefaultDispatcher-worker-5 @coroutine#40] INFO  io.ktor.client.HttpClient - RESPONSE: 200 OK
METHOD: HttpMethod(value=GET)
FROM: http://ld-s-tstpih.ao.nlmk:50000/mdt/performancedataqueryservlet?component=af.qph.ld-s-tstpihdb&begin=2022-08-17T14%3A30%3A00.000%2B03%3A00&end=2022-08-17T14%3A45%3A00.000%2B03%3A00
2022-08-17 15:39:46.622 [DefaultDispatcher-worker-4 @coroutine#69] INFO  io.ktor.client.HttpClient - RESPONSE: 200 OK
METHOD: HttpMethod(value=GET)
FROM: http://ld-s-tstpih.ao.nlmk:50000/mdt/performancedataqueryservlet?component=af.qph.ld-s-tstpihdb&begin=2022-08-17T07%3A00%3A00.000%2B03%3A00&end=2022-08-17T08%3A00%3A00.000%2B03%3A00
2022-08-17 15:39:46.862 [DefaultDispatcher-worker-4 @coroutine#55] INFO  io.ktor.client.HttpClient - RESPONSE: 200 OK
METHOD: HttpMethod(value=GET)
FROM: http://ld-s-tstpih.ao.nlmk:50000/mdt/performancedataqueryservlet?component=af.qph.ld-s-tstpihdb&begin=2022-08-17T11%3A00%3A00.000%2B03%3A00&end=2022-08-17T12%3A00%3A00.000%2B03%3A00
2022-08-17 15:39:47.204 [DefaultDispatcher-worker-4 @coroutine#66] INFO  io.ktor.client.HttpClient - RESPONSE: 200 OK
METHOD: HttpMethod(value=GET)
FROM: http://ld-s-tstpih.ao.nlmk:50000/mdt/performancedataqueryservlet?component=af.qph.ld-s-tstpihdb&begin=2022-08-17T08%3A00%3A00.000%2B03%3A00&end=2022-08-17T09%3A00%3A00.000%2B03%3A00
2022-08-17 15:39:47.542 [DefaultDispatcher-worker-4 @coroutine#80] INFO  io.ktor.client.HttpClient - RESPONSE: 200 OK
METHOD: HttpMethod(value=GET)
FROM: http://ld-s-tstpih.ao.nlmk:50000/mdt/performancedataqueryservlet?component=af.qph.ld-s-tstpihdb&begin=2022-08-17T03%3A00%3A00.000%2B03%3A00&end=2022-08-17T04%3A00%3A00.000%2B03%3A00
2022-08-17 15:39:47.780 [DefaultDispatcher-worker-4 @coroutine#35] INFO  io.ktor.client.HttpClient - RESPONSE: 200 OK
METHOD: HttpMethod(value=GET)
FROM: http://ld-s-tstpih.ao.nlmk:50000/mdt/performancedataqueryservlet?component=af.qph.ld-s-tstpihdb&begin=2022-08-17T15%3A00%3A00.000%2B03%3A00&end=2022-08-17T15%3A15%3A00.000%2B03%3A00
2022-08-17 15:39:48.321 [DefaultDispatcher-worker-1 @coroutine#91] INFO  io.ktor.client.HttpClient - RESPONSE: 200 OK
METHOD: HttpMethod(value=GET)
FROM: http://ld-s-tstpih.ao.nlmk:50000/mdt/performancedataqueryservlet?component=af.qph.ld-s-tstpihdb&begin=2022-08-16T22%3A00%3A00.000%2B03%3A00&end=2022-08-16T23%3A00%3A00.000%2B03%3A00
2022-08-17 15:39:48.419 [DefaultDispatcher-worker-4 @coroutine#92] INFO  io.ktor.client.HttpClient - RESPONSE: 200 OK
METHOD: HttpMethod(value=GET)
FROM: http://ld-s-tstpih.ao.nlmk:50000/mdt/performancedataqueryservlet?component=af.qph.ld-s-tstpihdb&begin=2022-08-16T21%3A00%3A00.000%2B03%3A00&end=2022-08-16T22%3A00%3A00.000%2B03%3A00
2022-08-17 15:39:48.486 [DefaultDispatcher-worker-4 @coroutine#46] INFO  io.ktor.client.HttpClient - RESPONSE: 200 OK
METHOD: HttpMethod(value=GET)
FROM: http://ld-s-tstpih.ao.nlmk:50000/mdt/performancedataqueryservlet?component=af.qph.ld-s-tstpihdb&begin=2022-08-17T14%3A00%3A00.000%2B03%3A00&end=2022-08-17T15%3A00%3A00.000%2B03%3A00
2022-08-17 15:39:48.820 [DefaultDispatcher-worker-2 @coroutine#99] INFO  io.ktor.client.HttpClient - RESPONSE: 200 OK
METHOD: HttpMethod(value=GET)
FROM: http://ld-s-tstpih.ao.nlmk:50000/mdt/performancedataqueryservlet?component=af.qph.ld-s-tstpihdb&begin=2022-08-16T19%3A00%3A00.000%2B03%3A00&end=2022-08-16T20%3A00%3A00.000%2B03%3A00
2022-08-17 15:39:48.848 [DefaultDispatcher-worker-2 @coroutine#97] INFO  io.ktor.client.HttpClient - RESPONSE: 200 OK
METHOD: HttpMethod(value=GET)
FROM: http://ld-s-tstpih.ao.nlmk:50000/mdt/performancedataqueryservlet?component=af.qph.ld-s-tstpihdb&begin=2022-08-16T20%3A00%3A00.000%2B03%3A00&end=2022-08-16T21%3A00%3A00.000%2B03%3A00
2022-08-17 15:39:49.101 [DefaultDispatcher-worker-1 @coroutine#104] INFO  io.ktor.client.HttpClient - RESPONSE: 200 OK
METHOD: HttpMethod(value=GET)
FROM: http://ld-s-tstpih.ao.nlmk:50000/mdt/performancedataqueryservlet?component=af.qph.ld-s-tstpihdb&begin=2022-08-16T17%3A00%3A00.000%2B03%3A00&end=2022-08-16T18%3A00%3A00.000%2B03%3A00
2022-08-17 15:39:50.124 [DefaultDispatcher-worker-1 @coroutine#118] INFO  io.ktor.client.HttpClient - RESPONSE: 200 OK
METHOD: HttpMethod(value=GET)
FROM: http://ld-s-tstpih.ao.nlmk:50000/mdt/performancedataqueryservlet?component=af.qph.ld-s-tstpihdb&begin=2022-08-15T03%3A00%3A00.000%2B03%3A00&end=2022-08-16T03%3A00%3A00.000%2B03%3A00
2022-08-17 15:39:50.174 [DefaultDispatcher-worker-2 @coroutine#111] INFO  io.ktor.client.HttpClient - RESPONSE: 200 OK
METHOD: HttpMethod(value=GET)
FROM: http://ld-s-tstpih.ao.nlmk:50000/mdt/performancedataqueryservlet?component=af.qph.ld-s-tstpihdb&begin=2022-08-16T15%3A00%3A00.000%2B03%3A00&end=2022-08-16T16%3A00%3A00.000%2B03%3A00
2022-08-17 15:39:50.306 [DefaultDispatcher-worker-5 @coroutine#75] INFO  io.ktor.client.HttpClient - RESPONSE: 200 OK
METHOD: HttpMethod(value=GET)
FROM: http://ld-s-tstpih.ao.nlmk:50000/mdt/performancedataqueryservlet?component=af.qph.ld-s-tstpihdb&begin=2022-08-17T05%3A00%3A00.000%2B03%3A00&end=2022-08-17T06%3A00%3A00.000%2B03%3A00
2022-08-17 15:39:51.222 [DefaultDispatcher-worker-5 @coroutine#132] INFO  io.ktor.client.HttpClient - RESPONSE: 200 OK
METHOD: HttpMethod(value=GET)
FROM: http://ld-s-tstpih.ao.nlmk:50000/mdt/performancedataqueryservlet?component=af.qph.ld-s-tstpihdb&begin=2022-08-12T03%3A00%3A00.000%2B03%3A00&end=2022-08-13T03%3A00%3A00.000%2B03%3A00
2022-08-17 15:39:51.841 [DefaultDispatcher-worker-5 @coroutine#113] INFO  io.ktor.client.HttpClient - RESPONSE: 200 OK
METHOD: HttpMethod(value=GET)
FROM: http://ld-s-tstpih.ao.nlmk:50000/mdt/performancedataqueryservlet?component=af.qph.ld-s-tstpihdb&begin=2022-08-17T03%3A00%3A00.000%2B03%3A00&end=2022-08-18T03%3A00%3A00.000%2B03%3A00
2022-08-17 15:39:52.201 [DefaultDispatcher-worker-5 @coroutine#140] INFO  io.ktor.client.HttpClient - RESPONSE: 200 OK
METHOD: HttpMethod(value=GET)
FROM: http://ld-s-tstpih.ao.nlmk:50000/mdt/performancedataqueryservlet?component=af.qph.ld-s-tstpihdb&begin=2022-08-10T03%3A00%3A00.000%2B03%3A00&end=2022-08-11T03%3A00%3A00.000%2B03%3A00
2022-08-17 15:39:52.321 [DefaultDispatcher-worker-5 @coroutine#126] INFO  io.ktor.client.HttpClient - RESPONSE: 200 OK
METHOD: HttpMethod(value=GET)
FROM: http://ld-s-tstpih.ao.nlmk:50000/mdt/performancedataqueryservlet?component=af.qph.ld-s-tstpihdb&begin=2022-08-13T03%3A00%3A00.000%2B03%3A00&end=2022-08-14T03%3A00%3A00.000%2B03%3A00
2022-08-17 15:39:52.415 [DefaultDispatcher-worker-1 @coroutine#109] INFO  io.ktor.client.HttpClient - RESPONSE: 200 OK
METHOD: HttpMethod(value=GET)
FROM: http://ld-s-tstpih.ao.nlmk:50000/mdt/performancedataqueryservlet?component=af.qph.ld-s-tstpihdb&begin=2022-08-16T16%3A00%3A00.000%2B03%3A00&end=2022-08-16T17%3A00%3A00.000%2B03%3A00
2022-08-17 15:39:52.458 [DefaultDispatcher-worker-5 @coroutine#78] INFO  io.ktor.client.HttpClient - RESPONSE: 200 OK
METHOD: HttpMethod(value=GET)
FROM: http://ld-s-tstpih.ao.nlmk:50000/mdt/performancedataqueryservlet?component=af.qph.ld-s-tstpihdb&begin=2022-08-17T04%3A00%3A00.000%2B03%3A00&end=2022-08-17T05%3A00%3A00.000%2B03%3A00
2022-08-17 15:39:52.654 [DefaultDispatcher-worker-5 @coroutine#88] INFO  io.ktor.client.HttpClient - RESPONSE: 200 OK
METHOD: HttpMethod(value=GET)
FROM: http://ld-s-tstpih.ao.nlmk:50000/mdt/performancedataqueryservlet?component=af.qph.ld-s-tstpihdb&begin=2022-08-16T23%3A00%3A00.000%2B03%3A00&end=2022-08-17T00%3A00%3A00.000%2B03%3A00
2022-08-17 15:39:52.840 [DefaultDispatcher-worker-5 @coroutine#122] INFO  io.ktor.client.HttpClient - RESPONSE: 200 OK
METHOD: HttpMethod(value=GET)
FROM: http://ld-s-tstpih.ao.nlmk:50000/mdt/performancedataqueryservlet?component=af.qph.ld-s-tstpihdb&begin=2022-08-14T03%3A00%3A00.000%2B03%3A00&end=2022-08-15T03%3A00%3A00.000%2B03%3A00
2022-08-17 15:39:53.141 [DefaultDispatcher-worker-1 @coroutine#116] INFO  io.ktor.client.HttpClient - RESPONSE: 200 OK
METHOD: HttpMethod(value=GET)
FROM: http://ld-s-tstpih.ao.nlmk:50000/mdt/performancedataqueryservlet?component=af.qph.ld-s-tstpihdb&begin=2022-08-16T03%3A00%3A00.000%2B03%3A00&end=2022-08-17T03%3A00%3A00.000%2B03%3A00
2022-08-17 15:39:53.386 [DefaultDispatcher-worker-1 @coroutine#134] INFO  io.ktor.client.HttpClient - RESPONSE: 200 OK
METHOD: HttpMethod(value=GET)
FROM: http://ld-s-tstpih.ao.nlmk:50000/mdt/performancedataqueryservlet?component=af.qph.ld-s-tstpihdb&begin=2022-08-11T03%3A00%3A00.000%2B03%3A00&end=2022-08-12T03%3A00%3A00.000%2B03%3A00
2022-08-17 15:39:53.750 [DefaultDispatcher-worker-1 @coroutine#87] INFO  io.ktor.client.HttpClient - RESPONSE: 200 OK
METHOD: HttpMethod(value=GET)
FROM: http://ld-s-tstpih.ao.nlmk:50000/mdt/performancedataqueryservlet?component=af.qph.ld-s-tstpihdb&begin=2022-08-17T00%3A00%3A00.000%2B03%3A00&end=2022-08-17T01%3A00%3A00.000%2B03%3A00
2022-08-17 15:39:54.050 [DefaultDispatcher-worker-1 @coroutine#84] INFO  io.ktor.client.HttpClient - RESPONSE: 200 OK
METHOD: HttpMethod(value=GET)
FROM: http://ld-s-tstpih.ao.nlmk:50000/mdt/performancedataqueryservlet?component=af.qph.ld-s-tstpihdb&begin=2022-08-17T01%3A00%3A00.000%2B03%3A00&end=2022-08-17T02%3A00%3A00.000%2B03%3A00
2022-08-17 15:39:54.051 [DefaultDispatcher-worker-5 @coroutine#101] INFO  io.ktor.client.HttpClient - RESPONSE: 200 OK
METHOD: HttpMethod(value=GET)
FROM: http://ld-s-tstpih.ao.nlmk:50000/mdt/performancedataqueryservlet?component=af.qph.ld-s-tstpihdb&begin=2022-08-16T18%3A00%3A00.000%2B03%3A00&end=2022-08-16T19%3A00%3A00.000%2B03%3A00
2022-08-17 15:39:54.224 [DefaultDispatcher-worker-5 @coroutine#72] INFO  io.ktor.client.HttpClient - RESPONSE: 200 OK
METHOD: HttpMethod(value=GET)
FROM: http://ld-s-tstpih.ao.nlmk:50000/mdt/performancedataqueryservlet?component=af.qph.ld-s-tstpihdb&begin=2022-08-17T06%3A00%3A00.000%2B03%3A00&end=2022-08-17T07%3A00%3A00.000%2B03%3A00
2022-08-17 15:49:09.776 [DefaultDispatcher-worker-1 @coroutine#2] INFO  io.ktor.client.HttpClient - REQUEST: http://ld-s-tstpih.ao.nlmk:50000
METHOD: HttpMethod(value=GET)
2022-08-17 15:49:10.283 [DefaultDispatcher-worker-1 @coroutine#2] INFO  io.ktor.client.HttpClient - RESPONSE: 302 Found
METHOD: HttpMethod(value=GET)
FROM: http://ld-s-tstpih.ao.nlmk:50000
2022-08-17 15:49:10.298 [DefaultDispatcher-worker-1 @coroutine#2] INFO  io.ktor.client.HttpClient - REQUEST: http://ld-s-tstpih.ao.nlmk:50000/index.jsp
METHOD: HttpMethod(value=GET)
2022-08-17 15:49:10.349 [DefaultDispatcher-worker-1 @coroutine#2] INFO  io.ktor.client.HttpClient - RESPONSE: 302 Found
METHOD: HttpMethod(value=GET)
FROM: http://ld-s-tstpih.ao.nlmk:50000/index.jsp
2022-08-17 15:49:10.356 [DefaultDispatcher-worker-1 @coroutine#2] INFO  io.ktor.client.HttpClient - REQUEST: http://ld-s-tstpih.ao.nlmk:50000/startPage
METHOD: HttpMethod(value=GET)
2022-08-17 15:49:10.467 [DefaultDispatcher-worker-1 @coroutine#2] INFO  io.ktor.client.HttpClient - RESPONSE: 200 OK
METHOD: HttpMethod(value=GET)
FROM: http://ld-s-tstpih.ao.nlmk:50000/startPage
2022-08-17 15:49:10.529 [DefaultDispatcher-worker-2 @coroutine#2] INFO  io.ktor.client.HttpClient - REQUEST: http://ld-s-tstpih.ao.nlmk:50000/rwb
METHOD: HttpMethod(value=GET)
2022-08-17 15:49:10.616 [DefaultDispatcher-worker-2 @coroutine#2] INFO  io.ktor.client.HttpClient - RESPONSE: 302 Found
METHOD: HttpMethod(value=GET)
FROM: http://ld-s-tstpih.ao.nlmk:50000/rwb
2022-08-17 15:49:10.618 [DefaultDispatcher-worker-2 @coroutine#2] INFO  io.ktor.client.HttpClient - REQUEST: http://ld-s-tstpih.ao.nlmk:50000/rwb/
METHOD: HttpMethod(value=GET)
2022-08-17 15:49:10.694 [DefaultDispatcher-worker-2 @coroutine#2] INFO  io.ktor.client.HttpClient - RESPONSE: 302 Found
METHOD: HttpMethod(value=GET)
FROM: http://ld-s-tstpih.ao.nlmk:50000/rwb/
2022-08-17 15:49:10.696 [DefaultDispatcher-worker-2 @coroutine#2] INFO  io.ktor.client.HttpClient - REQUEST: http://ld-s-tstpih.ao.nlmk:50000/rwb/index.jsp
METHOD: HttpMethod(value=GET)
2022-08-17 15:49:10.868 [DefaultDispatcher-worker-2 @coroutine#2] INFO  io.ktor.client.HttpClient - RESPONSE: 200 OK
METHOD: HttpMethod(value=GET)
FROM: http://ld-s-tstpih.ao.nlmk:50000/rwb/index.jsp
2022-08-17 15:49:11.762 [DefaultDispatcher-worker-1 @coroutine#21] INFO  io.ktor.client.HttpClient - REQUEST: http://ld-s-tstpih.ao.nlmk:50000/mdt/performancedataqueryservlet
METHOD: HttpMethod(value=GET)
2022-08-17 15:49:13.150 [DefaultDispatcher-worker-1 @coroutine#21] INFO  io.ktor.client.HttpClient - RESPONSE: 200 OK
METHOD: HttpMethod(value=GET)
FROM: http://ld-s-tstpih.ao.nlmk:50000/mdt/performancedataqueryservlet
2022-08-17 15:49:13.487 [DefaultDispatcher-worker-3 @coroutine#26] INFO  io.ktor.client.HttpClient - REQUEST: http://ld-s-tstpih.ao.nlmk:50000/mdt/performancedataqueryservlet?component=af.qph.ld-s-tstpihdb
METHOD: HttpMethod(value=GET)
2022-08-17 15:49:14.596 [DefaultDispatcher-worker-3 @coroutine#26] INFO  io.ktor.client.HttpClient - RESPONSE: 200 OK
METHOD: HttpMethod(value=GET)
FROM: http://ld-s-tstpih.ao.nlmk:50000/mdt/performancedataqueryservlet?component=af.qph.ld-s-tstpihdb
2022-08-17 15:49:14.691 [DefaultDispatcher-worker-1 @coroutine#31] INFO  io.ktor.client.HttpClient - REQUEST: http://ld-s-tstpih.ao.nlmk:50000/mdt/performancedataqueryservlet?component=af.qph.ld-s-tstpihdb&begin=2022-08-17T15%3A45%3A00.000%2B03%3A00&end=2022-08-17T16%3A00%3A00.000%2B03%3A00
METHOD: HttpMethod(value=GET)
2022-08-17 15:49:14.691 [DefaultDispatcher-worker-2 @coroutine#32] INFO  io.ktor.client.HttpClient - REQUEST: http://ld-s-tstpih.ao.nlmk:50000/mdt/performancedataqueryservlet?component=af.qph.ld-s-tstpihdb&begin=2022-08-17T15%3A30%3A00.000%2B03%3A00&end=2022-08-17T15%3A45%3A00.000%2B03%3A00
METHOD: HttpMethod(value=GET)
2022-08-17 15:49:14.693 [DefaultDispatcher-worker-4 @coroutine#35] INFO  io.ktor.client.HttpClient - REQUEST: http://ld-s-tstpih.ao.nlmk:50000/mdt/performancedataqueryservlet?component=af.qph.ld-s-tstpihdb&begin=2022-08-17T15%3A15%3A00.000%2B03%3A00&end=2022-08-17T15%3A30%3A00.000%2B03%3A00
METHOD: HttpMethod(value=GET)
2022-08-17 15:49:14.698 [DefaultDispatcher-worker-2 @coroutine#39] INFO  io.ktor.client.HttpClient - REQUEST: http://ld-s-tstpih.ao.nlmk:50000/mdt/performancedataqueryservlet?component=af.qph.ld-s-tstpihdb&begin=2022-08-17T15%3A00%3A00.000%2B03%3A00&end=2022-08-17T15%3A15%3A00.000%2B03%3A00
METHOD: HttpMethod(value=GET)
2022-08-17 15:49:14.700 [DefaultDispatcher-worker-5 @coroutine#41] INFO  io.ktor.client.HttpClient - REQUEST: http://ld-s-tstpih.ao.nlmk:50000/mdt/performancedataqueryservlet?component=af.qph.ld-s-tstpihdb&begin=2022-08-17T14%3A45%3A00.000%2B03%3A00&end=2022-08-17T15%3A00%3A00.000%2B03%3A00
METHOD: HttpMethod(value=GET)
2022-08-17 15:49:14.702 [DefaultDispatcher-worker-4 @coroutine#45] INFO  io.ktor.client.HttpClient - REQUEST: http://ld-s-tstpih.ao.nlmk:50000/mdt/performancedataqueryservlet?component=af.qph.ld-s-tstpihdb&begin=2022-08-17T14%3A00%3A00.000%2B03%3A00&end=2022-08-17T15%3A00%3A00.000%2B03%3A00
METHOD: HttpMethod(value=GET)
2022-08-17 15:49:14.703 [DefaultDispatcher-worker-6 @coroutine#43] INFO  io.ktor.client.HttpClient - REQUEST: http://ld-s-tstpih.ao.nlmk:50000/mdt/performancedataqueryservlet?component=af.qph.ld-s-tstpihdb&begin=2022-08-17T15%3A00%3A00.000%2B03%3A00&end=2022-08-17T16%3A00%3A00.000%2B03%3A00
METHOD: HttpMethod(value=GET)
2022-08-17 15:49:14.705 [DefaultDispatcher-worker-1 @coroutine#49] INFO  io.ktor.client.HttpClient - REQUEST: http://ld-s-tstpih.ao.nlmk:50000/mdt/performancedataqueryservlet?component=af.qph.ld-s-tstpihdb&begin=2022-08-17T13%3A00%3A00.000%2B03%3A00&end=2022-08-17T14%3A00%3A00.000%2B03%3A00
METHOD: HttpMethod(value=GET)
2022-08-17 15:49:14.709 [DefaultDispatcher-worker-6 @coroutine#54] INFO  io.ktor.client.HttpClient - REQUEST: http://ld-s-tstpih.ao.nlmk:50000/mdt/performancedataqueryservlet?component=af.qph.ld-s-tstpihdb&begin=2022-08-17T12%3A00%3A00.000%2B03%3A00&end=2022-08-17T13%3A00%3A00.000%2B03%3A00
METHOD: HttpMethod(value=GET)
2022-08-17 15:49:14.709 [DefaultDispatcher-worker-7 @coroutine#57] INFO  io.ktor.client.HttpClient - REQUEST: http://ld-s-tstpih.ao.nlmk:50000/mdt/performancedataqueryservlet?component=af.qph.ld-s-tstpihdb&begin=2022-08-17T11%3A00%3A00.000%2B03%3A00&end=2022-08-17T12%3A00%3A00.000%2B03%3A00
METHOD: HttpMethod(value=GET)
2022-08-17 15:49:14.711 [DefaultDispatcher-worker-5 @coroutine#59] INFO  io.ktor.client.HttpClient - REQUEST: http://ld-s-tstpih.ao.nlmk:50000/mdt/performancedataqueryservlet?component=af.qph.ld-s-tstpihdb&begin=2022-08-17T10%3A00%3A00.000%2B03%3A00&end=2022-08-17T11%3A00%3A00.000%2B03%3A00
METHOD: HttpMethod(value=GET)
2022-08-17 15:49:14.713 [DefaultDispatcher-worker-1 @coroutine#61] INFO  io.ktor.client.HttpClient - REQUEST: http://ld-s-tstpih.ao.nlmk:50000/mdt/performancedataqueryservlet?component=af.qph.ld-s-tstpihdb&begin=2022-08-17T09%3A00%3A00.000%2B03%3A00&end=2022-08-17T10%3A00%3A00.000%2B03%3A00
METHOD: HttpMethod(value=GET)
2022-08-17 15:49:14.715 [DefaultDispatcher-worker-6 @coroutine#65] INFO  io.ktor.client.HttpClient - REQUEST: http://ld-s-tstpih.ao.nlmk:50000/mdt/performancedataqueryservlet?component=af.qph.ld-s-tstpihdb&begin=2022-08-17T08%3A00%3A00.000%2B03%3A00&end=2022-08-17T09%3A00%3A00.000%2B03%3A00
METHOD: HttpMethod(value=GET)
2022-08-17 15:49:14.716 [DefaultDispatcher-worker-1 @coroutine#68] INFO  io.ktor.client.HttpClient - REQUEST: http://ld-s-tstpih.ao.nlmk:50000/mdt/performancedataqueryservlet?component=af.qph.ld-s-tstpihdb&begin=2022-08-17T07%3A00%3A00.000%2B03%3A00&end=2022-08-17T08%3A00%3A00.000%2B03%3A00
METHOD: HttpMethod(value=GET)
2022-08-17 15:49:14.718 [DefaultDispatcher-worker-2 @coroutine#71] INFO  io.ktor.client.HttpClient - REQUEST: http://ld-s-tstpih.ao.nlmk:50000/mdt/performancedataqueryservlet?component=af.qph.ld-s-tstpihdb&begin=2022-08-17T06%3A00%3A00.000%2B03%3A00&end=2022-08-17T07%3A00%3A00.000%2B03%3A00
METHOD: HttpMethod(value=GET)
2022-08-17 15:49:14.720 [DefaultDispatcher-worker-1 @coroutine#74] INFO  io.ktor.client.HttpClient - REQUEST: http://ld-s-tstpih.ao.nlmk:50000/mdt/performancedataqueryservlet?component=af.qph.ld-s-tstpihdb&begin=2022-08-17T05%3A00%3A00.000%2B03%3A00&end=2022-08-17T06%3A00%3A00.000%2B03%3A00
METHOD: HttpMethod(value=GET)
2022-08-17 15:49:14.722 [DefaultDispatcher-worker-2 @coroutine#77] INFO  io.ktor.client.HttpClient - REQUEST: http://ld-s-tstpih.ao.nlmk:50000/mdt/performancedataqueryservlet?component=af.qph.ld-s-tstpihdb&begin=2022-08-17T04%3A00%3A00.000%2B03%3A00&end=2022-08-17T05%3A00%3A00.000%2B03%3A00
METHOD: HttpMethod(value=GET)
2022-08-17 15:49:14.723 [DefaultDispatcher-worker-1 @coroutine#79] INFO  io.ktor.client.HttpClient - REQUEST: http://ld-s-tstpih.ao.nlmk:50000/mdt/performancedataqueryservlet?component=af.qph.ld-s-tstpihdb&begin=2022-08-17T03%3A00%3A00.000%2B03%3A00&end=2022-08-17T04%3A00%3A00.000%2B03%3A00
METHOD: HttpMethod(value=GET)
2022-08-17 15:49:14.729 [DefaultDispatcher-worker-7 @coroutine#85] INFO  io.ktor.client.HttpClient - REQUEST: http://ld-s-tstpih.ao.nlmk:50000/mdt/performancedataqueryservlet?component=af.qph.ld-s-tstpihdb&begin=2022-08-17T02%3A00%3A00.000%2B03%3A00&end=2022-08-17T03%3A00%3A00.000%2B03%3A00
METHOD: HttpMethod(value=GET)
2022-08-17 15:49:14.731 [DefaultDispatcher-worker-1 @coroutine#86] INFO  io.ktor.client.HttpClient - REQUEST: http://ld-s-tstpih.ao.nlmk:50000/mdt/performancedataqueryservlet?component=af.qph.ld-s-tstpihdb&begin=2022-08-17T01%3A00%3A00.000%2B03%3A00&end=2022-08-17T02%3A00%3A00.000%2B03%3A00
METHOD: HttpMethod(value=GET)
2022-08-17 15:49:14.738 [DefaultDispatcher-worker-6 @coroutine#91] INFO  io.ktor.client.HttpClient - REQUEST: http://ld-s-tstpih.ao.nlmk:50000/mdt/performancedataqueryservlet?component=af.qph.ld-s-tstpihdb&begin=2022-08-17T00%3A00%3A00.000%2B03%3A00&end=2022-08-17T01%3A00%3A00.000%2B03%3A00
METHOD: HttpMethod(value=GET)
2022-08-17 15:49:14.742 [DefaultDispatcher-worker-1 @coroutine#93] INFO  io.ktor.client.HttpClient - REQUEST: http://ld-s-tstpih.ao.nlmk:50000/mdt/performancedataqueryservlet?component=af.qph.ld-s-tstpihdb&begin=2022-08-16T23%3A00%3A00.000%2B03%3A00&end=2022-08-17T00%3A00%3A00.000%2B03%3A00
METHOD: HttpMethod(value=GET)
2022-08-17 15:49:14.747 [DefaultDispatcher-worker-6 @coroutine#96] INFO  io.ktor.client.HttpClient - REQUEST: http://ld-s-tstpih.ao.nlmk:50000/mdt/performancedataqueryservlet?component=af.qph.ld-s-tstpihdb&begin=2022-08-16T22%3A00%3A00.000%2B03%3A00&end=2022-08-16T23%3A00%3A00.000%2B03%3A00
METHOD: HttpMethod(value=GET)
2022-08-17 15:49:14.756 [DefaultDispatcher-worker-6 @coroutine#100] INFO  io.ktor.client.HttpClient - REQUEST: http://ld-s-tstpih.ao.nlmk:50000/mdt/performancedataqueryservlet?component=af.qph.ld-s-tstpihdb&begin=2022-08-16T21%3A00%3A00.000%2B03%3A00&end=2022-08-16T22%3A00%3A00.000%2B03%3A00
METHOD: HttpMethod(value=GET)
2022-08-17 15:49:14.758 [DefaultDispatcher-worker-4 @coroutine#103] INFO  io.ktor.client.HttpClient - REQUEST: http://ld-s-tstpih.ao.nlmk:50000/mdt/performancedataqueryservlet?component=af.qph.ld-s-tstpihdb&begin=2022-08-16T19%3A00%3A00.000%2B03%3A00&end=2022-08-16T20%3A00%3A00.000%2B03%3A00
METHOD: HttpMethod(value=GET)
2022-08-17 15:49:14.767 [DefaultDispatcher-worker-1 @coroutine#101] INFO  io.ktor.client.HttpClient - REQUEST: http://ld-s-tstpih.ao.nlmk:50000/mdt/performancedataqueryservlet?component=af.qph.ld-s-tstpihdb&begin=2022-08-16T20%3A00%3A00.000%2B03%3A00&end=2022-08-16T21%3A00%3A00.000%2B03%3A00
METHOD: HttpMethod(value=GET)
2022-08-17 15:49:14.768 [DefaultDispatcher-worker-4 @coroutine#109] INFO  io.ktor.client.HttpClient - REQUEST: http://ld-s-tstpih.ao.nlmk:50000/mdt/performancedataqueryservlet?component=af.qph.ld-s-tstpihdb&begin=2022-08-16T17%3A00%3A00.000%2B03%3A00&end=2022-08-16T18%3A00%3A00.000%2B03%3A00
METHOD: HttpMethod(value=GET)
2022-08-17 15:49:14.770 [DefaultDispatcher-worker-7 @coroutine#108] INFO  io.ktor.client.HttpClient - REQUEST: http://ld-s-tstpih.ao.nlmk:50000/mdt/performancedataqueryservlet?component=af.qph.ld-s-tstpihdb&begin=2022-08-16T18%3A00%3A00.000%2B03%3A00&end=2022-08-16T19%3A00%3A00.000%2B03%3A00
METHOD: HttpMethod(value=GET)
2022-08-17 15:49:14.771 [DefaultDispatcher-worker-6 @coroutine#111] INFO  io.ktor.client.HttpClient - REQUEST: http://ld-s-tstpih.ao.nlmk:50000/mdt/performancedataqueryservlet?component=af.qph.ld-s-tstpihdb&begin=2022-08-16T16%3A00%3A00.000%2B03%3A00&end=2022-08-16T17%3A00%3A00.000%2B03%3A00
METHOD: HttpMethod(value=GET)
2022-08-17 15:49:14.772 [DefaultDispatcher-worker-4 @coroutine#115] INFO  io.ktor.client.HttpClient - REQUEST: http://ld-s-tstpih.ao.nlmk:50000/mdt/performancedataqueryservlet?component=af.qph.ld-s-tstpihdb&begin=2022-08-16T15%3A00%3A00.000%2B03%3A00&end=2022-08-16T16%3A00%3A00.000%2B03%3A00
METHOD: HttpMethod(value=GET)
2022-08-17 15:49:14.779 [DefaultDispatcher-worker-5 @coroutine#121] INFO  io.ktor.client.HttpClient - REQUEST: http://ld-s-tstpih.ao.nlmk:50000/mdt/performancedataqueryservlet?component=af.qph.ld-s-tstpihdb&begin=2022-08-17T03%3A00%3A00.000%2B03%3A00&end=2022-08-18T03%3A00%3A00.000%2B03%3A00
METHOD: HttpMethod(value=GET)
2022-08-17 15:49:14.780 [DefaultDispatcher-worker-4 @coroutine#122] INFO  io.ktor.client.HttpClient - REQUEST: http://ld-s-tstpih.ao.nlmk:50000/mdt/performancedataqueryservlet?component=af.qph.ld-s-tstpihdb&begin=2022-08-16T03%3A00%3A00.000%2B03%3A00&end=2022-08-17T03%3A00%3A00.000%2B03%3A00
METHOD: HttpMethod(value=GET)
2022-08-17 15:49:14.782 [DefaultDispatcher-worker-2 @coroutine#125] INFO  io.ktor.client.HttpClient - REQUEST: http://ld-s-tstpih.ao.nlmk:50000/mdt/performancedataqueryservlet?component=af.qph.ld-s-tstpihdb&begin=2022-08-15T03%3A00%3A00.000%2B03%3A00&end=2022-08-16T03%3A00%3A00.000%2B03%3A00
METHOD: HttpMethod(value=GET)
2022-08-17 15:49:14.786 [DefaultDispatcher-worker-5 @coroutine#131] INFO  io.ktor.client.HttpClient - REQUEST: http://ld-s-tstpih.ao.nlmk:50000/mdt/performancedataqueryservlet?component=af.qph.ld-s-tstpihdb&begin=2022-08-13T03%3A00%3A00.000%2B03%3A00&end=2022-08-14T03%3A00%3A00.000%2B03%3A00
METHOD: HttpMethod(value=GET)
2022-08-17 15:49:14.793 [DefaultDispatcher-worker-1 @coroutine#127] INFO  io.ktor.client.HttpClient - REQUEST: http://ld-s-tstpih.ao.nlmk:50000/mdt/performancedataqueryservlet?component=af.qph.ld-s-tstpihdb&begin=2022-08-14T03%3A00%3A00.000%2B03%3A00&end=2022-08-15T03%3A00%3A00.000%2B03%3A00
METHOD: HttpMethod(value=GET)
2022-08-17 15:49:14.794 [DefaultDispatcher-worker-5 @coroutine#133] INFO  io.ktor.client.HttpClient - REQUEST: http://ld-s-tstpih.ao.nlmk:50000/mdt/performancedataqueryservlet?component=af.qph.ld-s-tstpihdb&begin=2022-08-12T03%3A00%3A00.000%2B03%3A00&end=2022-08-13T03%3A00%3A00.000%2B03%3A00
METHOD: HttpMethod(value=GET)
2022-08-17 15:49:14.797 [DefaultDispatcher-worker-2 @coroutine#137] INFO  io.ktor.client.HttpClient - REQUEST: http://ld-s-tstpih.ao.nlmk:50000/mdt/performancedataqueryservlet?component=af.qph.ld-s-tstpihdb&begin=2022-08-11T03%3A00%3A00.000%2B03%3A00&end=2022-08-12T03%3A00%3A00.000%2B03%3A00
METHOD: HttpMethod(value=GET)
2022-08-17 15:49:14.799 [DefaultDispatcher-worker-8 @coroutine#140] INFO  io.ktor.client.HttpClient - REQUEST: http://ld-s-tstpih.ao.nlmk:50000/mdt/performancedataqueryservlet?component=af.qph.ld-s-tstpihdb&begin=2022-08-10T03%3A00%3A00.000%2B03%3A00&end=2022-08-11T03%3A00%3A00.000%2B03%3A00
METHOD: HttpMethod(value=GET)
2022-08-17 15:49:45.002 [DefaultDispatcher-worker-5 @coroutine#39] INFO  io.ktor.client.HttpClient - RESPONSE: 200 OK
METHOD: HttpMethod(value=GET)
FROM: http://ld-s-tstpih.ao.nlmk:50000/mdt/performancedataqueryservlet?component=af.qph.ld-s-tstpihdb&begin=2022-08-17T15%3A00%3A00.000%2B03%3A00&end=2022-08-17T15%3A15%3A00.000%2B03%3A00
2022-08-17 15:49:45.702 [DefaultDispatcher-worker-5 @coroutine#31] INFO  io.ktor.client.HttpClient - RESPONSE: 200 OK
METHOD: HttpMethod(value=GET)
FROM: http://ld-s-tstpih.ao.nlmk:50000/mdt/performancedataqueryservlet?component=af.qph.ld-s-tstpihdb&begin=2022-08-17T15%3A45%3A00.000%2B03%3A00&end=2022-08-17T16%3A00%3A00.000%2B03%3A00
2022-08-17 15:49:45.805 [DefaultDispatcher-worker-5 @coroutine#32] INFO  io.ktor.client.HttpClient - RESPONSE: 200 OK
METHOD: HttpMethod(value=GET)
FROM: http://ld-s-tstpih.ao.nlmk:50000/mdt/performancedataqueryservlet?component=af.qph.ld-s-tstpihdb&begin=2022-08-17T15%3A30%3A00.000%2B03%3A00&end=2022-08-17T15%3A45%3A00.000%2B03%3A00
2022-08-17 15:49:45.987 [DefaultDispatcher-worker-3 @coroutine#49] INFO  io.ktor.client.HttpClient - RESPONSE: 200 OK
METHOD: HttpMethod(value=GET)
FROM: http://ld-s-tstpih.ao.nlmk:50000/mdt/performancedataqueryservlet?component=af.qph.ld-s-tstpihdb&begin=2022-08-17T13%3A00%3A00.000%2B03%3A00&end=2022-08-17T14%3A00%3A00.000%2B03%3A00
2022-08-17 15:49:46.190 [DefaultDispatcher-worker-8 @coroutine#74] INFO  io.ktor.client.HttpClient - RESPONSE: 200 OK
METHOD: HttpMethod(value=GET)
FROM: http://ld-s-tstpih.ao.nlmk:50000/mdt/performancedataqueryservlet?component=af.qph.ld-s-tstpihdb&begin=2022-08-17T05%3A00%3A00.000%2B03%3A00&end=2022-08-17T06%3A00%3A00.000%2B03%3A00
2022-08-17 15:49:46.567 [DefaultDispatcher-worker-8 @coroutine#41] INFO  io.ktor.client.HttpClient - RESPONSE: 200 OK
METHOD: HttpMethod(value=GET)
FROM: http://ld-s-tstpih.ao.nlmk:50000/mdt/performancedataqueryservlet?component=af.qph.ld-s-tstpihdb&begin=2022-08-17T14%3A45%3A00.000%2B03%3A00&end=2022-08-17T15%3A00%3A00.000%2B03%3A00
2022-08-17 15:49:46.724 [DefaultDispatcher-worker-8 @coroutine#57] INFO  io.ktor.client.HttpClient - RESPONSE: 200 OK
METHOD: HttpMethod(value=GET)
FROM: http://ld-s-tstpih.ao.nlmk:50000/mdt/performancedataqueryservlet?component=af.qph.ld-s-tstpihdb&begin=2022-08-17T11%3A00%3A00.000%2B03%3A00&end=2022-08-17T12%3A00%3A00.000%2B03%3A00
2022-08-17 15:49:46.826 [DefaultDispatcher-worker-8 @coroutine#54] INFO  io.ktor.client.HttpClient - RESPONSE: 200 OK
METHOD: HttpMethod(value=GET)
FROM: http://ld-s-tstpih.ao.nlmk:50000/mdt/performancedataqueryservlet?component=af.qph.ld-s-tstpihdb&begin=2022-08-17T12%3A00%3A00.000%2B03%3A00&end=2022-08-17T13%3A00%3A00.000%2B03%3A00
2022-08-17 15:49:47.612 [DefaultDispatcher-worker-2 @coroutine#77] INFO  io.ktor.client.HttpClient - RESPONSE: 200 OK
METHOD: HttpMethod(value=GET)
FROM: http://ld-s-tstpih.ao.nlmk:50000/mdt/performancedataqueryservlet?component=af.qph.ld-s-tstpihdb&begin=2022-08-17T04%3A00%3A00.000%2B03%3A00&end=2022-08-17T05%3A00%3A00.000%2B03%3A00
2022-08-17 15:49:47.727 [DefaultDispatcher-worker-2 @coroutine#43] INFO  io.ktor.client.HttpClient - RESPONSE: 200 OK
METHOD: HttpMethod(value=GET)
FROM: http://ld-s-tstpih.ao.nlmk:50000/mdt/performancedataqueryservlet?component=af.qph.ld-s-tstpihdb&begin=2022-08-17T15%3A00%3A00.000%2B03%3A00&end=2022-08-17T16%3A00%3A00.000%2B03%3A00
2022-08-17 15:49:48.069 [DefaultDispatcher-worker-8 @coroutine#86] INFO  io.ktor.client.HttpClient - RESPONSE: 200 OK
METHOD: HttpMethod(value=GET)
FROM: http://ld-s-tstpih.ao.nlmk:50000/mdt/performancedataqueryservlet?component=af.qph.ld-s-tstpihdb&begin=2022-08-17T01%3A00%3A00.000%2B03%3A00&end=2022-08-17T02%3A00%3A00.000%2B03%3A00
2022-08-17 15:49:48.089 [DefaultDispatcher-worker-8 @coroutine#85] INFO  io.ktor.client.HttpClient - RESPONSE: 200 OK
METHOD: HttpMethod(value=GET)
FROM: http://ld-s-tstpih.ao.nlmk:50000/mdt/performancedataqueryservlet?component=af.qph.ld-s-tstpihdb&begin=2022-08-17T02%3A00%3A00.000%2B03%3A00&end=2022-08-17T03%3A00%3A00.000%2B03%3A00
2022-08-17 15:49:48.103 [DefaultDispatcher-worker-8 @coroutine#96] INFO  io.ktor.client.HttpClient - RESPONSE: 200 OK
METHOD: HttpMethod(value=GET)
FROM: http://ld-s-tstpih.ao.nlmk:50000/mdt/performancedataqueryservlet?component=af.qph.ld-s-tstpihdb&begin=2022-08-16T22%3A00%3A00.000%2B03%3A00&end=2022-08-16T23%3A00%3A00.000%2B03%3A00
2022-08-17 15:49:48.482 [DefaultDispatcher-worker-8 @coroutine#35] INFO  io.ktor.client.HttpClient - RESPONSE: 200 OK
METHOD: HttpMethod(value=GET)
FROM: http://ld-s-tstpih.ao.nlmk:50000/mdt/performancedataqueryservlet?component=af.qph.ld-s-tstpihdb&begin=2022-08-17T15%3A15%3A00.000%2B03%3A00&end=2022-08-17T15%3A30%3A00.000%2B03%3A00
2022-08-17 15:49:48.757 [DefaultDispatcher-worker-3 @coroutine#79] INFO  io.ktor.client.HttpClient - RESPONSE: 200 OK
METHOD: HttpMethod(value=GET)
FROM: http://ld-s-tstpih.ao.nlmk:50000/mdt/performancedataqueryservlet?component=af.qph.ld-s-tstpihdb&begin=2022-08-17T03%3A00%3A00.000%2B03%3A00&end=2022-08-17T04%3A00%3A00.000%2B03%3A00
2022-08-17 15:49:48.981 [DefaultDispatcher-worker-5 @coroutine#45] INFO  io.ktor.client.HttpClient - RESPONSE: 200 OK
METHOD: HttpMethod(value=GET)
FROM: http://ld-s-tstpih.ao.nlmk:50000/mdt/performancedataqueryservlet?component=af.qph.ld-s-tstpihdb&begin=2022-08-17T14%3A00%3A00.000%2B03%3A00&end=2022-08-17T15%3A00%3A00.000%2B03%3A00
2022-08-17 15:49:49.022 [DefaultDispatcher-worker-5 @coroutine#103] INFO  io.ktor.client.HttpClient - RESPONSE: 200 OK
METHOD: HttpMethod(value=GET)
FROM: http://ld-s-tstpih.ao.nlmk:50000/mdt/performancedataqueryservlet?component=af.qph.ld-s-tstpihdb&begin=2022-08-16T19%3A00%3A00.000%2B03%3A00&end=2022-08-16T20%3A00%3A00.000%2B03%3A00
2022-08-17 15:49:49.040 [DefaultDispatcher-worker-5 @coroutine#101] INFO  io.ktor.client.HttpClient - RESPONSE: 200 OK
METHOD: HttpMethod(value=GET)
FROM: http://ld-s-tstpih.ao.nlmk:50000/mdt/performancedataqueryservlet?component=af.qph.ld-s-tstpihdb&begin=2022-08-16T20%3A00%3A00.000%2B03%3A00&end=2022-08-16T21%3A00%3A00.000%2B03%3A00
2022-08-17 15:49:49.523 [DefaultDispatcher-worker-8 @coroutine#115] INFO  io.ktor.client.HttpClient - RESPONSE: 200 OK
METHOD: HttpMethod(value=GET)
FROM: http://ld-s-tstpih.ao.nlmk:50000/mdt/performancedataqueryservlet?component=af.qph.ld-s-tstpihdb&begin=2022-08-16T15%3A00%3A00.000%2B03%3A00&end=2022-08-16T16%3A00%3A00.000%2B03%3A00
2022-08-17 15:49:49.690 [DefaultDispatcher-worker-8 @coroutine#59] INFO  io.ktor.client.HttpClient - RESPONSE: 200 OK
METHOD: HttpMethod(value=GET)
FROM: http://ld-s-tstpih.ao.nlmk:50000/mdt/performancedataqueryservlet?component=af.qph.ld-s-tstpihdb&begin=2022-08-17T10%3A00%3A00.000%2B03%3A00&end=2022-08-17T11%3A00%3A00.000%2B03%3A00
2022-08-17 15:49:50.336 [DefaultDispatcher-worker-3 @coroutine#111] INFO  io.ktor.client.HttpClient - RESPONSE: 200 OK
METHOD: HttpMethod(value=GET)
FROM: http://ld-s-tstpih.ao.nlmk:50000/mdt/performancedataqueryservlet?component=af.qph.ld-s-tstpihdb&begin=2022-08-16T16%3A00%3A00.000%2B03%3A00&end=2022-08-16T17%3A00%3A00.000%2B03%3A00
2022-08-17 15:49:50.871 [DefaultDispatcher-worker-3 @coroutine#131] INFO  io.ktor.client.HttpClient - RESPONSE: 200 OK
METHOD: HttpMethod(value=GET)
FROM: http://ld-s-tstpih.ao.nlmk:50000/mdt/performancedataqueryservlet?component=af.qph.ld-s-tstpihdb&begin=2022-08-13T03%3A00%3A00.000%2B03%3A00&end=2022-08-14T03%3A00%3A00.000%2B03%3A00
2022-08-17 15:49:51.418 [DefaultDispatcher-worker-3 @coroutine#61] INFO  io.ktor.client.HttpClient - RESPONSE: 200 OK
METHOD: HttpMethod(value=GET)
FROM: http://ld-s-tstpih.ao.nlmk:50000/mdt/performancedataqueryservlet?component=af.qph.ld-s-tstpihdb&begin=2022-08-17T09%3A00%3A00.000%2B03%3A00&end=2022-08-17T10%3A00%3A00.000%2B03%3A00
2022-08-17 15:49:51.573 [DefaultDispatcher-worker-3 @coroutine#91] INFO  io.ktor.client.HttpClient - RESPONSE: 200 OK
METHOD: HttpMethod(value=GET)
FROM: http://ld-s-tstpih.ao.nlmk:50000/mdt/performancedataqueryservlet?component=af.qph.ld-s-tstpihdb&begin=2022-08-17T00%3A00%3A00.000%2B03%3A00&end=2022-08-17T01%3A00%3A00.000%2B03%3A00
2022-08-17 15:49:52.942 [DefaultDispatcher-worker-3 @coroutine#121] INFO  io.ktor.client.HttpClient - RESPONSE: 200 OK
METHOD: HttpMethod(value=GET)
FROM: http://ld-s-tstpih.ao.nlmk:50000/mdt/performancedataqueryservlet?component=af.qph.ld-s-tstpihdb&begin=2022-08-17T03%3A00%3A00.000%2B03%3A00&end=2022-08-18T03%3A00%3A00.000%2B03%3A00
2022-08-17 15:49:53.597 [DefaultDispatcher-worker-3 @coroutine#140] INFO  io.ktor.client.HttpClient - RESPONSE: 200 OK
METHOD: HttpMethod(value=GET)
FROM: http://ld-s-tstpih.ao.nlmk:50000/mdt/performancedataqueryservlet?component=af.qph.ld-s-tstpihdb&begin=2022-08-10T03%3A00%3A00.000%2B03%3A00&end=2022-08-11T03%3A00%3A00.000%2B03%3A00
2022-08-17 15:49:53.822 [DefaultDispatcher-worker-8 @coroutine#108] INFO  io.ktor.client.HttpClient - RESPONSE: 200 OK
METHOD: HttpMethod(value=GET)
FROM: http://ld-s-tstpih.ao.nlmk:50000/mdt/performancedataqueryservlet?component=af.qph.ld-s-tstpihdb&begin=2022-08-16T18%3A00%3A00.000%2B03%3A00&end=2022-08-16T19%3A00%3A00.000%2B03%3A00
2022-08-17 15:49:53.825 [DefaultDispatcher-worker-8 @coroutine#125] INFO  io.ktor.client.HttpClient - RESPONSE: 200 OK
METHOD: HttpMethod(value=GET)
FROM: http://ld-s-tstpih.ao.nlmk:50000/mdt/performancedataqueryservlet?component=af.qph.ld-s-tstpihdb&begin=2022-08-15T03%3A00%3A00.000%2B03%3A00&end=2022-08-16T03%3A00%3A00.000%2B03%3A00
2022-08-17 15:49:54.116 [DefaultDispatcher-worker-8 @coroutine#137] INFO  io.ktor.client.HttpClient - RESPONSE: 200 OK
METHOD: HttpMethod(value=GET)
FROM: http://ld-s-tstpih.ao.nlmk:50000/mdt/performancedataqueryservlet?component=af.qph.ld-s-tstpihdb&begin=2022-08-11T03%3A00%3A00.000%2B03%3A00&end=2022-08-12T03%3A00%3A00.000%2B03%3A00
2022-08-17 15:49:54.427 [DefaultDispatcher-worker-8 @coroutine#133] INFO  io.ktor.client.HttpClient - RESPONSE: 200 OK
METHOD: HttpMethod(value=GET)
FROM: http://ld-s-tstpih.ao.nlmk:50000/mdt/performancedataqueryservlet?component=af.qph.ld-s-tstpihdb&begin=2022-08-12T03%3A00%3A00.000%2B03%3A00&end=2022-08-13T03%3A00%3A00.000%2B03%3A00
2022-08-17 15:49:54.507 [DefaultDispatcher-worker-5 @coroutine#100] INFO  io.ktor.client.HttpClient - RESPONSE: 200 OK
METHOD: HttpMethod(value=GET)
FROM: http://ld-s-tstpih.ao.nlmk:50000/mdt/performancedataqueryservlet?component=af.qph.ld-s-tstpihdb&begin=2022-08-16T21%3A00%3A00.000%2B03%3A00&end=2022-08-16T22%3A00%3A00.000%2B03%3A00
2022-08-17 15:49:54.604 [DefaultDispatcher-worker-5 @coroutine#65] INFO  io.ktor.client.HttpClient - RESPONSE: 200 OK
METHOD: HttpMethod(value=GET)
FROM: http://ld-s-tstpih.ao.nlmk:50000/mdt/performancedataqueryservlet?component=af.qph.ld-s-tstpihdb&begin=2022-08-17T08%3A00%3A00.000%2B03%3A00&end=2022-08-17T09%3A00%3A00.000%2B03%3A00
2022-08-17 15:49:54.698 [DefaultDispatcher-worker-8 @coroutine#71] INFO  io.ktor.client.HttpClient - RESPONSE: 200 OK
METHOD: HttpMethod(value=GET)
FROM: http://ld-s-tstpih.ao.nlmk:50000/mdt/performancedataqueryservlet?component=af.qph.ld-s-tstpihdb&begin=2022-08-17T06%3A00%3A00.000%2B03%3A00&end=2022-08-17T07%3A00%3A00.000%2B03%3A00
2022-08-17 15:49:54.856 [DefaultDispatcher-worker-3 @coroutine#109] INFO  io.ktor.client.HttpClient - RESPONSE: 200 OK
METHOD: HttpMethod(value=GET)
FROM: http://ld-s-tstpih.ao.nlmk:50000/mdt/performancedataqueryservlet?component=af.qph.ld-s-tstpihdb&begin=2022-08-16T17%3A00%3A00.000%2B03%3A00&end=2022-08-16T18%3A00%3A00.000%2B03%3A00
2022-08-17 15:49:55.049 [DefaultDispatcher-worker-5 @coroutine#93] INFO  io.ktor.client.HttpClient - RESPONSE: 200 OK
METHOD: HttpMethod(value=GET)
FROM: http://ld-s-tstpih.ao.nlmk:50000/mdt/performancedataqueryservlet?component=af.qph.ld-s-tstpihdb&begin=2022-08-16T23%3A00%3A00.000%2B03%3A00&end=2022-08-17T00%3A00%3A00.000%2B03%3A00
2022-08-17 15:49:55.190 [DefaultDispatcher-worker-5 @coroutine#68] INFO  io.ktor.client.HttpClient - RESPONSE: 200 OK
METHOD: HttpMethod(value=GET)
FROM: http://ld-s-tstpih.ao.nlmk:50000/mdt/performancedataqueryservlet?component=af.qph.ld-s-tstpihdb&begin=2022-08-17T07%3A00%3A00.000%2B03%3A00&end=2022-08-17T08%3A00%3A00.000%2B03%3A00
2022-08-17 15:49:55.908 [DefaultDispatcher-worker-5 @coroutine#122] INFO  io.ktor.client.HttpClient - RESPONSE: 200 OK
METHOD: HttpMethod(value=GET)
FROM: http://ld-s-tstpih.ao.nlmk:50000/mdt/performancedataqueryservlet?component=af.qph.ld-s-tstpihdb&begin=2022-08-16T03%3A00%3A00.000%2B03%3A00&end=2022-08-17T03%3A00%3A00.000%2B03%3A00
2022-08-17 15:49:55.984 [DefaultDispatcher-worker-5 @coroutine#127] INFO  io.ktor.client.HttpClient - RESPONSE: 200 OK
METHOD: HttpMethod(value=GET)
FROM: http://ld-s-tstpih.ao.nlmk:50000/mdt/performancedataqueryservlet?component=af.qph.ld-s-tstpihdb&begin=2022-08-14T03%3A00%3A00.000%2B03%3A00&end=2022-08-15T03%3A00%3A00.000%2B03%3A00
2022-08-17 15:55:12.769 [Test worker @coroutine#3] INFO  io.ktor.client.HttpClient - REQUEST: http://ld-s-tstpih.ao.nlmk:50000/mdt/performancedataqueryservlet
METHOD: HttpMethod(value=GET)
2022-08-17 15:55:13.575 [Test worker @coroutine#3] INFO  io.ktor.client.HttpClient - RESPONSE: 200 OK
METHOD: HttpMethod(value=GET)
FROM: http://ld-s-tstpih.ao.nlmk:50000/mdt/performancedataqueryservlet
2022-08-17 15:55:15.249 [Test worker @coroutine#11] INFO  io.ktor.client.HttpClient - REQUEST: http://ld-s-tstpih.ao.nlmk:50000
METHOD: HttpMethod(value=GET)
2022-08-17 15:55:15.338 [Test worker @coroutine#11] INFO  io.ktor.client.HttpClient - RESPONSE: 302 Found
METHOD: HttpMethod(value=GET)
FROM: http://ld-s-tstpih.ao.nlmk:50000
2022-08-17 15:55:15.346 [Test worker @coroutine#11] INFO  io.ktor.client.HttpClient - REQUEST: http://ld-s-tstpih.ao.nlmk:50000/index.jsp
METHOD: HttpMethod(value=GET)
2022-08-17 15:55:15.389 [Test worker @coroutine#11] INFO  io.ktor.client.HttpClient - RESPONSE: 302 Found
METHOD: HttpMethod(value=GET)
FROM: http://ld-s-tstpih.ao.nlmk:50000/index.jsp
2022-08-17 15:55:15.393 [Test worker @coroutine#11] INFO  io.ktor.client.HttpClient - REQUEST: http://ld-s-tstpih.ao.nlmk:50000/startPage
METHOD: HttpMethod(value=GET)
2022-08-17 15:55:15.471 [Test worker @coroutine#11] INFO  io.ktor.client.HttpClient - RESPONSE: 200 OK
METHOD: HttpMethod(value=GET)
FROM: http://ld-s-tstpih.ao.nlmk:50000/startPage
2022-08-17 15:55:15.492 [Test worker @coroutine#11] INFO  io.ktor.client.HttpClient - REQUEST: http://ld-s-tstpih.ao.nlmk:50000/rwb
METHOD: HttpMethod(value=GET)
2022-08-17 15:55:15.533 [Test worker @coroutine#11] INFO  io.ktor.client.HttpClient - RESPONSE: 302 Found
METHOD: HttpMethod(value=GET)
FROM: http://ld-s-tstpih.ao.nlmk:50000/rwb
2022-08-17 15:55:15.535 [Test worker @coroutine#11] INFO  io.ktor.client.HttpClient - REQUEST: http://ld-s-tstpih.ao.nlmk:50000/rwb/
METHOD: HttpMethod(value=GET)
2022-08-17 15:55:15.572 [Test worker @coroutine#11] INFO  io.ktor.client.HttpClient - RESPONSE: 302 Found
METHOD: HttpMethod(value=GET)
FROM: http://ld-s-tstpih.ao.nlmk:50000/rwb/
2022-08-17 15:55:15.575 [Test worker @coroutine#11] INFO  io.ktor.client.HttpClient - REQUEST: http://ld-s-tstpih.ao.nlmk:50000/rwb/index.jsp
METHOD: HttpMethod(value=GET)
2022-08-17 15:55:15.634 [Test worker @coroutine#11] INFO  io.ktor.client.HttpClient - RESPONSE: 200 OK
METHOD: HttpMethod(value=GET)
FROM: http://ld-s-tstpih.ao.nlmk:50000/rwb/index.jsp
2022-08-17 15:55:50.982 [Test worker @coroutine#3] INFO  io.ktor.client.HttpClient - REQUEST: http://ld-s-tstpih.ao.nlmk:50000/mdt/performancedataqueryservlet
METHOD: HttpMethod(value=GET)
2022-08-17 15:55:51.811 [Test worker @coroutine#3] INFO  io.ktor.client.HttpClient - RESPONSE: 200 OK
METHOD: HttpMethod(value=GET)
FROM: http://ld-s-tstpih.ao.nlmk:50000/mdt/performancedataqueryservlet
2022-08-17 15:55:53.148 [Test worker @coroutine#11] INFO  io.ktor.client.HttpClient - REQUEST: http://ld-s-tstpih.ao.nlmk:50000
METHOD: HttpMethod(value=GET)
2022-08-17 15:55:53.230 [Test worker @coroutine#11] INFO  io.ktor.client.HttpClient - RESPONSE: 302 Found
METHOD: HttpMethod(value=GET)
FROM: http://ld-s-tstpih.ao.nlmk:50000
2022-08-17 15:55:53.238 [Test worker @coroutine#11] INFO  io.ktor.client.HttpClient - REQUEST: http://ld-s-tstpih.ao.nlmk:50000/index.jsp
METHOD: HttpMethod(value=GET)
2022-08-17 15:55:53.278 [Test worker @coroutine#11] INFO  io.ktor.client.HttpClient - RESPONSE: 302 Found
METHOD: HttpMethod(value=GET)
FROM: http://ld-s-tstpih.ao.nlmk:50000/index.jsp
2022-08-17 15:55:53.282 [Test worker @coroutine#11] INFO  io.ktor.client.HttpClient - REQUEST: http://ld-s-tstpih.ao.nlmk:50000/startPage
METHOD: HttpMethod(value=GET)
2022-08-17 15:55:53.371 [Test worker @coroutine#11] INFO  io.ktor.client.HttpClient - RESPONSE: 200 OK
METHOD: HttpMethod(value=GET)
FROM: http://ld-s-tstpih.ao.nlmk:50000/startPage
2022-08-17 15:55:53.410 [Test worker @coroutine#11] INFO  io.ktor.client.HttpClient - REQUEST: http://ld-s-tstpih.ao.nlmk:50000/rwb
METHOD: HttpMethod(value=GET)
2022-08-17 15:55:53.449 [Test worker @coroutine#11] INFO  io.ktor.client.HttpClient - RESPONSE: 302 Found
METHOD: HttpMethod(value=GET)
FROM: http://ld-s-tstpih.ao.nlmk:50000/rwb
2022-08-17 15:55:53.451 [Test worker @coroutine#11] INFO  io.ktor.client.HttpClient - REQUEST: http://ld-s-tstpih.ao.nlmk:50000/rwb/
METHOD: HttpMethod(value=GET)
2022-08-17 15:55:53.490 [Test worker @coroutine#11] INFO  io.ktor.client.HttpClient - RESPONSE: 302 Found
METHOD: HttpMethod(value=GET)
FROM: http://ld-s-tstpih.ao.nlmk:50000/rwb/
2022-08-17 15:55:53.491 [Test worker @coroutine#11] INFO  io.ktor.client.HttpClient - REQUEST: http://ld-s-tstpih.ao.nlmk:50000/rwb/index.jsp
METHOD: HttpMethod(value=GET)
2022-08-17 15:55:53.542 [Test worker @coroutine#11] INFO  io.ktor.client.HttpClient - RESPONSE: 200 OK
METHOD: HttpMethod(value=GET)
FROM: http://ld-s-tstpih.ao.nlmk:50000/rwb/index.jsp
2022-08-17 15:57:49.016 [Test worker @coroutine#3] INFO  io.ktor.client.HttpClient - REQUEST: http://ld-s-tstpih.ao.nlmk:50000/mdt/performancedataqueryservlet
METHOD: HttpMethod(value=GET)
2022-08-17 15:57:50.962 [Test worker @coroutine#3] INFO  io.ktor.client.HttpClient - RESPONSE: 200 OK
METHOD: HttpMethod(value=GET)
FROM: http://ld-s-tstpih.ao.nlmk:50000/mdt/performancedataqueryservlet
2022-08-17 15:57:52.528 [Test worker @coroutine#11] INFO  io.ktor.client.HttpClient - REQUEST: http://ld-s-tstpih.ao.nlmk:50000
METHOD: HttpMethod(value=GET)
2022-08-17 15:57:52.612 [Test worker @coroutine#11] INFO  io.ktor.client.HttpClient - RESPONSE: 302 Found
METHOD: HttpMethod(value=GET)
FROM: http://ld-s-tstpih.ao.nlmk:50000
2022-08-17 15:57:52.619 [Test worker @coroutine#11] INFO  io.ktor.client.HttpClient - REQUEST: http://ld-s-tstpih.ao.nlmk:50000/index.jsp
METHOD: HttpMethod(value=GET)
2022-08-17 15:57:52.682 [Test worker @coroutine#11] INFO  io.ktor.client.HttpClient - RESPONSE: 302 Found
METHOD: HttpMethod(value=GET)
FROM: http://ld-s-tstpih.ao.nlmk:50000/index.jsp
2022-08-17 15:57:52.684 [Test worker @coroutine#11] INFO  io.ktor.client.HttpClient - REQUEST: http://ld-s-tstpih.ao.nlmk:50000/startPage
METHOD: HttpMethod(value=GET)
2022-08-17 15:57:52.898 [Test worker @coroutine#11] INFO  io.ktor.client.HttpClient - RESPONSE: 200 OK
METHOD: HttpMethod(value=GET)
FROM: http://ld-s-tstpih.ao.nlmk:50000/startPage
2022-08-17 15:57:52.925 [Test worker @coroutine#11] INFO  io.ktor.client.HttpClient - REQUEST: http://ld-s-tstpih.ao.nlmk:50000/rwb
METHOD: HttpMethod(value=GET)
2022-08-17 15:57:52.964 [Test worker @coroutine#11] INFO  io.ktor.client.HttpClient - RESPONSE: 302 Found
METHOD: HttpMethod(value=GET)
FROM: http://ld-s-tstpih.ao.nlmk:50000/rwb
2022-08-17 15:57:52.966 [Test worker @coroutine#11] INFO  io.ktor.client.HttpClient - REQUEST: http://ld-s-tstpih.ao.nlmk:50000/rwb/
METHOD: HttpMethod(value=GET)
2022-08-17 15:57:53.016 [Test worker @coroutine#11] INFO  io.ktor.client.HttpClient - RESPONSE: 302 Found
METHOD: HttpMethod(value=GET)
FROM: http://ld-s-tstpih.ao.nlmk:50000/rwb/
2022-08-17 15:57:53.018 [Test worker @coroutine#11] INFO  io.ktor.client.HttpClient - REQUEST: http://ld-s-tstpih.ao.nlmk:50000/rwb/index.jsp
METHOD: HttpMethod(value=GET)
2022-08-17 15:57:53.095 [Test worker @coroutine#11] INFO  io.ktor.client.HttpClient - RESPONSE: 200 OK
METHOD: HttpMethod(value=GET)
FROM: http://ld-s-tstpih.ao.nlmk:50000/rwb/index.jsp
2022-08-17 16:13:43.333 [Test worker @coroutine#14] INFO  io.ktor.client.HttpClient - REQUEST: http://ld-s-tstpih.ao.nlmk:50000/mdt/performancedataqueryservlet
METHOD: HttpMethod(value=GET)
2022-08-17 16:13:44.252 [Test worker @coroutine#14] INFO  io.ktor.client.HttpClient - RESPONSE: 200 OK
METHOD: HttpMethod(value=GET)
FROM: http://ld-s-tstpih.ao.nlmk:50000/mdt/performancedataqueryservlet
2022-08-17 16:13:44.342 [Test worker @coroutine#22] INFO  io.ktor.client.HttpClient - REQUEST: http://ld-s-tstpih.ao.nlmk:50000
METHOD: HttpMethod(value=GET)
2022-08-17 16:13:44.422 [Test worker @coroutine#22] INFO  io.ktor.client.HttpClient - RESPONSE: 302 Found
METHOD: HttpMethod(value=GET)
FROM: http://ld-s-tstpih.ao.nlmk:50000
2022-08-17 16:13:44.429 [Test worker @coroutine#22] INFO  io.ktor.client.HttpClient - REQUEST: http://ld-s-tstpih.ao.nlmk:50000/index.jsp
METHOD: HttpMethod(value=GET)
2022-08-17 16:13:44.468 [Test worker @coroutine#22] INFO  io.ktor.client.HttpClient - RESPONSE: 302 Found
METHOD: HttpMethod(value=GET)
FROM: http://ld-s-tstpih.ao.nlmk:50000/index.jsp
2022-08-17 16:13:44.469 [Test worker @coroutine#22] INFO  io.ktor.client.HttpClient - REQUEST: http://ld-s-tstpih.ao.nlmk:50000/startPage
METHOD: HttpMethod(value=GET)
2022-08-17 16:13:44.545 [Test worker @coroutine#22] INFO  io.ktor.client.HttpClient - RESPONSE: 200 OK
METHOD: HttpMethod(value=GET)
FROM: http://ld-s-tstpih.ao.nlmk:50000/startPage
2022-08-17 16:13:44.553 [Test worker @coroutine#22] INFO  io.ktor.client.HttpClient - REQUEST: http://ld-s-tstpih.ao.nlmk:50000/rwb
METHOD: HttpMethod(value=GET)
2022-08-17 16:13:44.590 [Test worker @coroutine#22] INFO  io.ktor.client.HttpClient - RESPONSE: 302 Found
METHOD: HttpMethod(value=GET)
FROM: http://ld-s-tstpih.ao.nlmk:50000/rwb
2022-08-17 16:13:44.593 [Test worker @coroutine#22] INFO  io.ktor.client.HttpClient - REQUEST: http://ld-s-tstpih.ao.nlmk:50000/rwb/
METHOD: HttpMethod(value=GET)
2022-08-17 16:13:44.631 [Test worker @coroutine#22] INFO  io.ktor.client.HttpClient - RESPONSE: 302 Found
METHOD: HttpMethod(value=GET)
FROM: http://ld-s-tstpih.ao.nlmk:50000/rwb/
2022-08-17 16:13:44.633 [Test worker @coroutine#22] INFO  io.ktor.client.HttpClient - REQUEST: http://ld-s-tstpih.ao.nlmk:50000/rwb/index.jsp
METHOD: HttpMethod(value=GET)
2022-08-17 16:13:44.718 [Test worker @coroutine#22] INFO  io.ktor.client.HttpClient - RESPONSE: 200 OK
METHOD: HttpMethod(value=GET)
FROM: http://ld-s-tstpih.ao.nlmk:50000/rwb/index.jsp
2022-08-17 16:33:17.782 [Test worker @coroutine#14] INFO  io.ktor.client.HttpClient - REQUEST: http://ld-s-tstpih.ao.nlmk:50000/mdt/performancedataqueryservlet
METHOD: HttpMethod(value=GET)
2022-08-17 16:33:29.705 [Test worker @coroutine#14] INFO  io.ktor.client.HttpClient - RESPONSE: 200 OK
METHOD: HttpMethod(value=GET)
FROM: http://ld-s-tstpih.ao.nlmk:50000/mdt/performancedataqueryservlet
2022-08-17 16:33:29.796 [Test worker @coroutine#22] INFO  io.ktor.client.HttpClient - REQUEST: http://ld-s-tstpih.ao.nlmk:50000
METHOD: HttpMethod(value=GET)
2022-08-17 16:33:29.961 [Test worker @coroutine#22] INFO  io.ktor.client.HttpClient - RESPONSE: 302 Found
METHOD: HttpMethod(value=GET)
FROM: http://ld-s-tstpih.ao.nlmk:50000
2022-08-17 16:33:29.968 [Test worker @coroutine#22] INFO  io.ktor.client.HttpClient - REQUEST: http://ld-s-tstpih.ao.nlmk:50000/index.jsp
METHOD: HttpMethod(value=GET)
2022-08-17 16:33:30.041 [Test worker @coroutine#22] INFO  io.ktor.client.HttpClient - RESPONSE: 302 Found
METHOD: HttpMethod(value=GET)
FROM: http://ld-s-tstpih.ao.nlmk:50000/index.jsp
2022-08-17 16:33:30.043 [Test worker @coroutine#22] INFO  io.ktor.client.HttpClient - REQUEST: http://ld-s-tstpih.ao.nlmk:50000/startPage
METHOD: HttpMethod(value=GET)
2022-08-17 16:33:30.442 [Test worker @coroutine#22] INFO  io.ktor.client.HttpClient - RESPONSE: 200 OK
METHOD: HttpMethod(value=GET)
FROM: http://ld-s-tstpih.ao.nlmk:50000/startPage
2022-08-17 16:33:30.449 [Test worker @coroutine#22] INFO  io.ktor.client.HttpClient - REQUEST: http://ld-s-tstpih.ao.nlmk:50000/rwb
METHOD: HttpMethod(value=GET)
2022-08-17 16:33:30.526 [Test worker @coroutine#22] INFO  io.ktor.client.HttpClient - RESPONSE: 302 Found
METHOD: HttpMethod(value=GET)
FROM: http://ld-s-tstpih.ao.nlmk:50000/rwb
2022-08-17 16:33:30.527 [Test worker @coroutine#22] INFO  io.ktor.client.HttpClient - REQUEST: http://ld-s-tstpih.ao.nlmk:50000/rwb/
METHOD: HttpMethod(value=GET)
2022-08-17 16:33:30.580 [Test worker @coroutine#22] INFO  io.ktor.client.HttpClient - RESPONSE: 302 Found
METHOD: HttpMethod(value=GET)
FROM: http://ld-s-tstpih.ao.nlmk:50000/rwb/
2022-08-17 16:33:30.582 [Test worker @coroutine#22] INFO  io.ktor.client.HttpClient - REQUEST: http://ld-s-tstpih.ao.nlmk:50000/rwb/index.jsp
METHOD: HttpMethod(value=GET)
2022-08-17 16:33:30.649 [Test worker @coroutine#22] INFO  io.ktor.client.HttpClient - RESPONSE: 200 OK
METHOD: HttpMethod(value=GET)
FROM: http://ld-s-tstpih.ao.nlmk:50000/rwb/index.jsp
2022-08-17 16:38:56.615 [Test worker @coroutine#14] INFO  io.ktor.client.HttpClient - REQUEST: http://ld-s-tstpih.ao.nlmk:50000/mdt/performancedataqueryservlet
METHOD: HttpMethod(value=GET)
2022-08-17 16:38:57.409 [Test worker @coroutine#14] INFO  io.ktor.client.HttpClient - RESPONSE: 200 OK
METHOD: HttpMethod(value=GET)
FROM: http://ld-s-tstpih.ao.nlmk:50000/mdt/performancedataqueryservlet
2022-08-17 16:38:57.491 [Test worker @coroutine#22] INFO  io.ktor.client.HttpClient - REQUEST: http://ld-s-tstpih.ao.nlmk:50000
METHOD: HttpMethod(value=GET)
2022-08-17 16:38:57.590 [Test worker @coroutine#22] INFO  io.ktor.client.HttpClient - RESPONSE: 302 Found
METHOD: HttpMethod(value=GET)
FROM: http://ld-s-tstpih.ao.nlmk:50000
2022-08-17 16:38:57.599 [Test worker @coroutine#22] INFO  io.ktor.client.HttpClient - REQUEST: http://ld-s-tstpih.ao.nlmk:50000/index.jsp
METHOD: HttpMethod(value=GET)
2022-08-17 16:38:57.647 [Test worker @coroutine#22] INFO  io.ktor.client.HttpClient - RESPONSE: 302 Found
METHOD: HttpMethod(value=GET)
FROM: http://ld-s-tstpih.ao.nlmk:50000/index.jsp
2022-08-17 16:38:57.649 [Test worker @coroutine#22] INFO  io.ktor.client.HttpClient - REQUEST: http://ld-s-tstpih.ao.nlmk:50000/startPage
METHOD: HttpMethod(value=GET)
2022-08-17 16:38:57.743 [Test worker @coroutine#22] INFO  io.ktor.client.HttpClient - RESPONSE: 200 OK
METHOD: HttpMethod(value=GET)
FROM: http://ld-s-tstpih.ao.nlmk:50000/startPage
2022-08-17 16:38:57.750 [Test worker @coroutine#22] INFO  io.ktor.client.HttpClient - REQUEST: http://ld-s-tstpih.ao.nlmk:50000/rwb
METHOD: HttpMethod(value=GET)
2022-08-17 16:38:57.798 [Test worker @coroutine#22] INFO  io.ktor.client.HttpClient - RESPONSE: 302 Found
METHOD: HttpMethod(value=GET)
FROM: http://ld-s-tstpih.ao.nlmk:50000/rwb
2022-08-17 16:38:57.800 [Test worker @coroutine#22] INFO  io.ktor.client.HttpClient - REQUEST: http://ld-s-tstpih.ao.nlmk:50000/rwb/
METHOD: HttpMethod(value=GET)
2022-08-17 16:38:57.845 [Test worker @coroutine#22] INFO  io.ktor.client.HttpClient - RESPONSE: 302 Found
METHOD: HttpMethod(value=GET)
FROM: http://ld-s-tstpih.ao.nlmk:50000/rwb/
2022-08-17 16:38:57.846 [Test worker @coroutine#22] INFO  io.ktor.client.HttpClient - REQUEST: http://ld-s-tstpih.ao.nlmk:50000/rwb/index.jsp
METHOD: HttpMethod(value=GET)
2022-08-17 16:38:57.908 [Test worker @coroutine#22] INFO  io.ktor.client.HttpClient - RESPONSE: 200 OK
METHOD: HttpMethod(value=GET)
FROM: http://ld-s-tstpih.ao.nlmk:50000/rwb/index.jsp
2022-08-17 16:40:29.182 [Test worker @coroutine#14] INFO  io.ktor.client.HttpClient - REQUEST: http://ld-s-tstpih.ao.nlmk:50000/mdt/performancedataqueryservlet
METHOD: HttpMethod(value=GET)
2022-08-17 16:40:29.773 [Test worker @coroutine#14] INFO  io.ktor.client.HttpClient - RESPONSE: 200 OK
METHOD: HttpMethod(value=GET)
FROM: http://ld-s-tstpih.ao.nlmk:50000/mdt/performancedataqueryservlet
2022-08-17 16:40:29.884 [Test worker @coroutine#22] INFO  io.ktor.client.HttpClient - REQUEST: http://ld-s-tstpih.ao.nlmk:50000
METHOD: HttpMethod(value=GET)
2022-08-17 16:40:29.983 [Test worker @coroutine#22] INFO  io.ktor.client.HttpClient - RESPONSE: 302 Found
METHOD: HttpMethod(value=GET)
FROM: http://ld-s-tstpih.ao.nlmk:50000
2022-08-17 16:40:29.992 [Test worker @coroutine#22] INFO  io.ktor.client.HttpClient - REQUEST: http://ld-s-tstpih.ao.nlmk:50000/index.jsp
METHOD: HttpMethod(value=GET)
2022-08-17 16:40:30.040 [Test worker @coroutine#22] INFO  io.ktor.client.HttpClient - RESPONSE: 302 Found
METHOD: HttpMethod(value=GET)
FROM: http://ld-s-tstpih.ao.nlmk:50000/index.jsp
2022-08-17 16:40:30.042 [Test worker @coroutine#22] INFO  io.ktor.client.HttpClient - REQUEST: http://ld-s-tstpih.ao.nlmk:50000/startPage
METHOD: HttpMethod(value=GET)
2022-08-17 16:40:30.157 [Test worker @coroutine#22] INFO  io.ktor.client.HttpClient - RESPONSE: 200 OK
METHOD: HttpMethod(value=GET)
FROM: http://ld-s-tstpih.ao.nlmk:50000/startPage
2022-08-17 16:40:30.167 [Test worker @coroutine#22] INFO  io.ktor.client.HttpClient - REQUEST: http://ld-s-tstpih.ao.nlmk:50000/rwb
METHOD: HttpMethod(value=GET)
2022-08-17 16:40:30.211 [Test worker @coroutine#22] INFO  io.ktor.client.HttpClient - RESPONSE: 302 Found
METHOD: HttpMethod(value=GET)
FROM: http://ld-s-tstpih.ao.nlmk:50000/rwb
2022-08-17 16:40:30.215 [Test worker @coroutine#22] INFO  io.ktor.client.HttpClient - REQUEST: http://ld-s-tstpih.ao.nlmk:50000/rwb/
METHOD: HttpMethod(value=GET)
2022-08-17 16:40:30.261 [Test worker @coroutine#22] INFO  io.ktor.client.HttpClient - RESPONSE: 302 Found
METHOD: HttpMethod(value=GET)
FROM: http://ld-s-tstpih.ao.nlmk:50000/rwb/
2022-08-17 16:40:30.263 [Test worker @coroutine#22] INFO  io.ktor.client.HttpClient - REQUEST: http://ld-s-tstpih.ao.nlmk:50000/rwb/index.jsp
METHOD: HttpMethod(value=GET)
2022-08-17 16:40:30.334 [Test worker @coroutine#22] INFO  io.ktor.client.HttpClient - RESPONSE: 200 OK
METHOD: HttpMethod(value=GET)
FROM: http://ld-s-tstpih.ao.nlmk:50000/rwb/index.jsp
2022-08-17 16:55:17.528 [Test worker @coroutine#14] INFO  io.ktor.client.HttpClient - REQUEST: http://ld-s-tstpih.ao.nlmk:50000/mdt/performancedataqueryservlet
METHOD: HttpMethod(value=GET)
2022-08-17 16:55:21.474 [Test worker @coroutine#14] INFO  io.ktor.client.HttpClient - RESPONSE: 200 OK
METHOD: HttpMethod(value=GET)
FROM: http://ld-s-tstpih.ao.nlmk:50000/mdt/performancedataqueryservlet
2022-08-17 16:55:21.559 [Test worker @coroutine#22] INFO  io.ktor.client.HttpClient - REQUEST: http://ld-s-tstpih.ao.nlmk:50000
METHOD: HttpMethod(value=GET)
2022-08-17 16:55:21.657 [Test worker @coroutine#22] INFO  io.ktor.client.HttpClient - RESPONSE: 302 Found
METHOD: HttpMethod(value=GET)
FROM: http://ld-s-tstpih.ao.nlmk:50000
2022-08-17 16:55:21.664 [Test worker @coroutine#22] INFO  io.ktor.client.HttpClient - REQUEST: http://ld-s-tstpih.ao.nlmk:50000/index.jsp
METHOD: HttpMethod(value=GET)
2022-08-17 16:55:21.711 [Test worker @coroutine#22] INFO  io.ktor.client.HttpClient - RESPONSE: 302 Found
METHOD: HttpMethod(value=GET)
FROM: http://ld-s-tstpih.ao.nlmk:50000/index.jsp
2022-08-17 16:55:21.713 [Test worker @coroutine#22] INFO  io.ktor.client.HttpClient - REQUEST: http://ld-s-tstpih.ao.nlmk:50000/startPage
METHOD: HttpMethod(value=GET)
2022-08-17 16:55:21.789 [Test worker @coroutine#22] INFO  io.ktor.client.HttpClient - RESPONSE: 200 OK
METHOD: HttpMethod(value=GET)
FROM: http://ld-s-tstpih.ao.nlmk:50000/startPage
2022-08-17 16:55:21.795 [Test worker @coroutine#22] INFO  io.ktor.client.HttpClient - REQUEST: http://ld-s-tstpih.ao.nlmk:50000/rwb
METHOD: HttpMethod(value=GET)
2022-08-17 16:55:21.841 [Test worker @coroutine#22] INFO  io.ktor.client.HttpClient - RESPONSE: 302 Found
METHOD: HttpMethod(value=GET)
FROM: http://ld-s-tstpih.ao.nlmk:50000/rwb
2022-08-17 16:55:21.844 [Test worker @coroutine#22] INFO  io.ktor.client.HttpClient - REQUEST: http://ld-s-tstpih.ao.nlmk:50000/rwb/
METHOD: HttpMethod(value=GET)
2022-08-17 16:55:21.892 [Test worker @coroutine#22] INFO  io.ktor.client.HttpClient - RESPONSE: 302 Found
METHOD: HttpMethod(value=GET)
FROM: http://ld-s-tstpih.ao.nlmk:50000/rwb/
2022-08-17 16:55:21.893 [Test worker @coroutine#22] INFO  io.ktor.client.HttpClient - REQUEST: http://ld-s-tstpih.ao.nlmk:50000/rwb/index.jsp
METHOD: HttpMethod(value=GET)
2022-08-17 16:55:21.954 [Test worker @coroutine#22] INFO  io.ktor.client.HttpClient - RESPONSE: 200 OK
METHOD: HttpMethod(value=GET)
FROM: http://ld-s-tstpih.ao.nlmk:50000/rwb/index.jsp
2022-08-17 17:17:56.857 [Test worker @coroutine#14] INFO  io.ktor.client.HttpClient - REQUEST: http://ld-s-tstpih.ao.nlmk:50000/mdt/performancedataqueryservlet
METHOD: HttpMethod(value=GET)
2022-08-17 17:17:58.267 [Test worker @coroutine#14] INFO  io.ktor.client.HttpClient - RESPONSE: 200 OK
METHOD: HttpMethod(value=GET)
FROM: http://ld-s-tstpih.ao.nlmk:50000/mdt/performancedataqueryservlet
2022-08-17 17:17:58.346 [Test worker @coroutine#22] INFO  io.ktor.client.HttpClient - REQUEST: http://ld-s-tstpih.ao.nlmk:50000
METHOD: HttpMethod(value=GET)
2022-08-17 17:17:58.425 [Test worker @coroutine#22] INFO  io.ktor.client.HttpClient - RESPONSE: 302 Found
METHOD: HttpMethod(value=GET)
FROM: http://ld-s-tstpih.ao.nlmk:50000
2022-08-17 17:17:58.433 [Test worker @coroutine#22] INFO  io.ktor.client.HttpClient - REQUEST: http://ld-s-tstpih.ao.nlmk:50000/index.jsp
METHOD: HttpMethod(value=GET)
2022-08-17 17:17:58.472 [Test worker @coroutine#22] INFO  io.ktor.client.HttpClient - RESPONSE: 302 Found
METHOD: HttpMethod(value=GET)
FROM: http://ld-s-tstpih.ao.nlmk:50000/index.jsp
2022-08-17 17:17:58.475 [Test worker @coroutine#22] INFO  io.ktor.client.HttpClient - REQUEST: http://ld-s-tstpih.ao.nlmk:50000/startPage
METHOD: HttpMethod(value=GET)
2022-08-17 17:17:58.547 [Test worker @coroutine#22] INFO  io.ktor.client.HttpClient - RESPONSE: 200 OK
METHOD: HttpMethod(value=GET)
FROM: http://ld-s-tstpih.ao.nlmk:50000/startPage
2022-08-17 17:17:58.553 [Test worker @coroutine#22] INFO  io.ktor.client.HttpClient - REQUEST: http://ld-s-tstpih.ao.nlmk:50000/rwb
METHOD: HttpMethod(value=GET)
2022-08-17 17:17:58.591 [Test worker @coroutine#22] INFO  io.ktor.client.HttpClient - RESPONSE: 302 Found
METHOD: HttpMethod(value=GET)
FROM: http://ld-s-tstpih.ao.nlmk:50000/rwb
2022-08-17 17:17:58.594 [Test worker @coroutine#22] INFO  io.ktor.client.HttpClient - REQUEST: http://ld-s-tstpih.ao.nlmk:50000/rwb/
METHOD: HttpMethod(value=GET)
2022-08-17 17:17:58.631 [Test worker @coroutine#22] INFO  io.ktor.client.HttpClient - RESPONSE: 302 Found
METHOD: HttpMethod(value=GET)
FROM: http://ld-s-tstpih.ao.nlmk:50000/rwb/
2022-08-17 17:17:58.632 [Test worker @coroutine#22] INFO  io.ktor.client.HttpClient - REQUEST: http://ld-s-tstpih.ao.nlmk:50000/rwb/index.jsp
METHOD: HttpMethod(value=GET)
2022-08-17 17:17:58.701 [Test worker @coroutine#22] INFO  io.ktor.client.HttpClient - RESPONSE: 200 OK
METHOD: HttpMethod(value=GET)
FROM: http://ld-s-tstpih.ao.nlmk:50000/rwb/index.jsp
2022-08-17 17:18:36.798 [Test worker @coroutine#14] INFO  io.ktor.client.HttpClient - REQUEST: http://ld-s-tstpih.ao.nlmk:50000/mdt/performancedataqueryservlet
METHOD: HttpMethod(value=GET)
2022-08-17 17:18:37.283 [Test worker @coroutine#14] INFO  io.ktor.client.HttpClient - RESPONSE: 200 OK
METHOD: HttpMethod(value=GET)
FROM: http://ld-s-tstpih.ao.nlmk:50000/mdt/performancedataqueryservlet
2022-08-17 17:18:37.361 [Test worker @coroutine#22] INFO  io.ktor.client.HttpClient - REQUEST: http://ld-s-tstpih.ao.nlmk:50000
METHOD: HttpMethod(value=GET)
2022-08-17 17:18:37.440 [Test worker @coroutine#22] INFO  io.ktor.client.HttpClient - RESPONSE: 302 Found
METHOD: HttpMethod(value=GET)
FROM: http://ld-s-tstpih.ao.nlmk:50000
2022-08-17 17:18:37.447 [Test worker @coroutine#22] INFO  io.ktor.client.HttpClient - REQUEST: http://ld-s-tstpih.ao.nlmk:50000/index.jsp
METHOD: HttpMethod(value=GET)
2022-08-17 17:18:37.486 [Test worker @coroutine#22] INFO  io.ktor.client.HttpClient - RESPONSE: 302 Found
METHOD: HttpMethod(value=GET)
FROM: http://ld-s-tstpih.ao.nlmk:50000/index.jsp
2022-08-17 17:18:37.487 [Test worker @coroutine#22] INFO  io.ktor.client.HttpClient - REQUEST: http://ld-s-tstpih.ao.nlmk:50000/startPage
METHOD: HttpMethod(value=GET)
2022-08-17 17:18:37.558 [Test worker @coroutine#22] INFO  io.ktor.client.HttpClient - RESPONSE: 200 OK
METHOD: HttpMethod(value=GET)
FROM: http://ld-s-tstpih.ao.nlmk:50000/startPage
2022-08-17 17:18:37.564 [Test worker @coroutine#22] INFO  io.ktor.client.HttpClient - REQUEST: http://ld-s-tstpih.ao.nlmk:50000/rwb
METHOD: HttpMethod(value=GET)
2022-08-17 17:18:37.600 [Test worker @coroutine#22] INFO  io.ktor.client.HttpClient - RESPONSE: 302 Found
METHOD: HttpMethod(value=GET)
FROM: http://ld-s-tstpih.ao.nlmk:50000/rwb
2022-08-17 17:18:37.603 [Test worker @coroutine#22] INFO  io.ktor.client.HttpClient - REQUEST: http://ld-s-tstpih.ao.nlmk:50000/rwb/
METHOD: HttpMethod(value=GET)
2022-08-17 17:18:37.643 [Test worker @coroutine#22] INFO  io.ktor.client.HttpClient - RESPONSE: 302 Found
METHOD: HttpMethod(value=GET)
FROM: http://ld-s-tstpih.ao.nlmk:50000/rwb/
2022-08-17 17:18:37.644 [Test worker @coroutine#22] INFO  io.ktor.client.HttpClient - REQUEST: http://ld-s-tstpih.ao.nlmk:50000/rwb/index.jsp
METHOD: HttpMethod(value=GET)
2022-08-17 17:18:37.708 [Test worker @coroutine#22] INFO  io.ktor.client.HttpClient - RESPONSE: 200 OK
METHOD: HttpMethod(value=GET)
FROM: http://ld-s-tstpih.ao.nlmk:50000/rwb/index.jsp
2022-08-17 17:23:58.666 [Test worker @coroutine#14] INFO  io.ktor.client.HttpClient - REQUEST: http://ld-s-tstpih.ao.nlmk:50000/mdt/performancedataqueryservlet
METHOD: HttpMethod(value=GET)
2022-08-17 17:23:59.162 [Test worker @coroutine#14] INFO  io.ktor.client.HttpClient - RESPONSE: 200 OK
METHOD: HttpMethod(value=GET)
FROM: http://ld-s-tstpih.ao.nlmk:50000/mdt/performancedataqueryservlet
2022-08-17 17:23:59.244 [Test worker @coroutine#22] INFO  io.ktor.client.HttpClient - REQUEST: http://ld-s-tstpih.ao.nlmk:50000
METHOD: HttpMethod(value=GET)
2022-08-17 17:23:59.333 [Test worker @coroutine#22] INFO  io.ktor.client.HttpClient - RESPONSE: 302 Found
METHOD: HttpMethod(value=GET)
FROM: http://ld-s-tstpih.ao.nlmk:50000
2022-08-17 17:23:59.340 [Test worker @coroutine#22] INFO  io.ktor.client.HttpClient - REQUEST: http://ld-s-tstpih.ao.nlmk:50000/index.jsp
METHOD: HttpMethod(value=GET)
2022-08-17 17:23:59.378 [Test worker @coroutine#22] INFO  io.ktor.client.HttpClient - RESPONSE: 302 Found
METHOD: HttpMethod(value=GET)
FROM: http://ld-s-tstpih.ao.nlmk:50000/index.jsp
2022-08-17 17:23:59.380 [Test worker @coroutine#22] INFO  io.ktor.client.HttpClient - REQUEST: http://ld-s-tstpih.ao.nlmk:50000/startPage
METHOD: HttpMethod(value=GET)
2022-08-17 17:23:59.449 [Test worker @coroutine#22] INFO  io.ktor.client.HttpClient - RESPONSE: 200 OK
METHOD: HttpMethod(value=GET)
FROM: http://ld-s-tstpih.ao.nlmk:50000/startPage
2022-08-17 17:23:59.457 [Test worker @coroutine#22] INFO  io.ktor.client.HttpClient - REQUEST: http://ld-s-tstpih.ao.nlmk:50000/rwb
METHOD: HttpMethod(value=GET)
2022-08-17 17:23:59.494 [Test worker @coroutine#22] INFO  io.ktor.client.HttpClient - RESPONSE: 302 Found
METHOD: HttpMethod(value=GET)
FROM: http://ld-s-tstpih.ao.nlmk:50000/rwb
2022-08-17 17:23:59.497 [Test worker @coroutine#22] INFO  io.ktor.client.HttpClient - REQUEST: http://ld-s-tstpih.ao.nlmk:50000/rwb/
METHOD: HttpMethod(value=GET)
2022-08-17 17:23:59.535 [Test worker @coroutine#22] INFO  io.ktor.client.HttpClient - RESPONSE: 302 Found
METHOD: HttpMethod(value=GET)
FROM: http://ld-s-tstpih.ao.nlmk:50000/rwb/
2022-08-17 17:23:59.536 [Test worker @coroutine#22] INFO  io.ktor.client.HttpClient - REQUEST: http://ld-s-tstpih.ao.nlmk:50000/rwb/index.jsp
METHOD: HttpMethod(value=GET)
2022-08-17 17:23:59.588 [Test worker @coroutine#22] INFO  io.ktor.client.HttpClient - RESPONSE: 200 OK
METHOD: HttpMethod(value=GET)
FROM: http://ld-s-tstpih.ao.nlmk:50000/rwb/index.jsp
